I, [2016-12-31T22:51:24.807732 #481]  INFO -- : Refreshing Gem list
I, [2016-12-31T22:51:26.161062 #481]  INFO -- : listening on addr=/home/ubuntu/spree_app/shared/sockets/unicorn.sock fd=8
I, [2016-12-31T22:51:26.161190 #481]  INFO -- : worker=0 spawning...
I, [2016-12-31T22:51:26.162143 #481]  INFO -- : worker=1 spawning...
I, [2016-12-31T22:51:26.162869 #481]  INFO -- : master process ready
I, [2016-12-31T22:51:26.170473 #484]  INFO -- : worker=0 spawned pid=484
I, [2016-12-31T22:51:26.170592 #484]  INFO -- : worker=0 ready
I, [2016-12-31T22:51:26.171342 #486]  INFO -- : worker=1 spawned pid=486
I, [2016-12-31T22:51:26.171455 #486]  INFO -- : worker=1 ready
E, [2017-01-01T04:19:01.696070 #484] ERROR -- : app error: Missing `secret_key_base` for 'production' environment, set this value in `config/secrets.yml` (RuntimeError)
E, [2017-01-01T04:19:01.696169 #484] ERROR -- : /home/ubuntu/.rvm/gems/ruby-2.3.0/gems/railties-5.0.1/lib/rails/application.rb:513:in `validate_secret_key_config!'
E, [2017-01-01T04:19:01.696304 #484] ERROR -- : /home/ubuntu/.rvm/gems/ruby-2.3.0/gems/railties-5.0.1/lib/rails/application.rb:246:in `env_config'
E, [2017-01-01T04:19:01.696319 #484] ERROR -- : /home/ubuntu/.rvm/gems/ruby-2.3.0/gems/railties-5.0.1/lib/rails/engine.rb:693:in `build_request'
E, [2017-01-01T04:19:01.696329 #484] ERROR -- : /home/ubuntu/.rvm/gems/ruby-2.3.0/gems/railties-5.0.1/lib/rails/application.rb:521:in `build_request'
E, [2017-01-01T04:19:01.696338 #484] ERROR -- : /home/ubuntu/.rvm/gems/ruby-2.3.0/gems/railties-5.0.1/lib/rails/engine.rb:521:in `call'
E, [2017-01-01T04:19:01.696346 #484] ERROR -- : /home/ubuntu/.rvm/gems/ruby-2.3.0/gems/unicorn-5.2.0/lib/unicorn/http_server.rb:562:in `process_client'
E, [2017-01-01T04:19:01.696355 #484] ERROR -- : /home/ubuntu/.rvm/gems/ruby-2.3.0/gems/unicorn-5.2.0/lib/unicorn/http_server.rb:658:in `worker_loop'
E, [2017-01-01T04:19:01.696364 #484] ERROR -- : /home/ubuntu/.rvm/gems/ruby-2.3.0/gems/unicorn-5.2.0/lib/unicorn/http_server.rb:508:in `spawn_missing_workers'
E, [2017-01-01T04:19:01.696372 #484] ERROR -- : /home/ubuntu/.rvm/gems/ruby-2.3.0/gems/unicorn-5.2.0/lib/unicorn/http_server.rb:132:in `start'
E, [2017-01-01T04:19:01.696404 #484] ERROR -- : /home/ubuntu/.rvm/gems/ruby-2.3.0/gems/unicorn-5.2.0/bin/unicorn:126:in `<top (required)>'
E, [2017-01-01T04:19:01.696420 #484] ERROR -- : /home/ubuntu/.rvm/gems/ruby-2.3.0/bin/unicorn:23:in `load'
E, [2017-01-01T04:19:01.696429 #484] ERROR -- : /home/ubuntu/.rvm/gems/ruby-2.3.0/bin/unicorn:23:in `<main>'
E, [2017-01-01T04:19:01.696477 #484] ERROR -- : /home/ubuntu/.rvm/gems/ruby-2.3.0/bin/ruby_executable_hooks:15:in `eval'
E, [2017-01-01T04:19:01.696486 #484] ERROR -- : /home/ubuntu/.rvm/gems/ruby-2.3.0/bin/ruby_executable_hooks:15:in `<main>'
E, [2017-01-01T09:37:42.446362 #486] ERROR -- : app error: Missing `secret_key_base` for 'production' environment, set this value in `config/secrets.yml` (RuntimeError)
E, [2017-01-01T09:37:42.446480 #486] ERROR -- : /home/ubuntu/.rvm/gems/ruby-2.3.0/gems/railties-5.0.1/lib/rails/application.rb:513:in `validate_secret_key_config!'
E, [2017-01-01T09:37:42.446544 #486] ERROR -- : /home/ubuntu/.rvm/gems/ruby-2.3.0/gems/railties-5.0.1/lib/rails/application.rb:246:in `env_config'
E, [2017-01-01T09:37:42.446559 #486] ERROR -- : /home/ubuntu/.rvm/gems/ruby-2.3.0/gems/railties-5.0.1/lib/rails/engine.rb:693:in `build_request'
E, [2017-01-01T09:37:42.446570 #486] ERROR -- : /home/ubuntu/.rvm/gems/ruby-2.3.0/gems/railties-5.0.1/lib/rails/application.rb:521:in `build_request'
E, [2017-01-01T09:37:42.446579 #486] ERROR -- : /home/ubuntu/.rvm/gems/ruby-2.3.0/gems/railties-5.0.1/lib/rails/engine.rb:521:in `call'
E, [2017-01-01T09:37:42.446589 #486] ERROR -- : /home/ubuntu/.rvm/gems/ruby-2.3.0/gems/unicorn-5.2.0/lib/unicorn/http_server.rb:562:in `process_client'
E, [2017-01-01T09:37:42.446598 #486] ERROR -- : /home/ubuntu/.rvm/gems/ruby-2.3.0/gems/unicorn-5.2.0/lib/unicorn/http_server.rb:658:in `worker_loop'
E, [2017-01-01T09:37:42.446608 #486] ERROR -- : /home/ubuntu/.rvm/gems/ruby-2.3.0/gems/unicorn-5.2.0/lib/unicorn/http_server.rb:508:in `spawn_missing_workers'
E, [2017-01-01T09:37:42.446627 #486] ERROR -- : /home/ubuntu/.rvm/gems/ruby-2.3.0/gems/unicorn-5.2.0/lib/unicorn/http_server.rb:132:in `start'
E, [2017-01-01T09:37:42.446638 #486] ERROR -- : /home/ubuntu/.rvm/gems/ruby-2.3.0/gems/unicorn-5.2.0/bin/unicorn:126:in `<top (required)>'
E, [2017-01-01T09:37:42.446646 #486] ERROR -- : /home/ubuntu/.rvm/gems/ruby-2.3.0/bin/unicorn:23:in `load'
E, [2017-01-01T09:37:42.446655 #486] ERROR -- : /home/ubuntu/.rvm/gems/ruby-2.3.0/bin/unicorn:23:in `<main>'
E, [2017-01-01T09:37:42.446664 #486] ERROR -- : /home/ubuntu/.rvm/gems/ruby-2.3.0/bin/ruby_executable_hooks:15:in `eval'
E, [2017-01-01T09:37:42.446751 #486] ERROR -- : /home/ubuntu/.rvm/gems/ruby-2.3.0/bin/ruby_executable_hooks:15:in `<main>'
E, [2017-01-01T10:10:35.166948 #484] ERROR -- : app error: Missing `secret_key_base` for 'production' environment, set this value in `config/secrets.yml` (RuntimeError)
E, [2017-01-01T10:10:35.167060 #484] ERROR -- : /home/ubuntu/.rvm/gems/ruby-2.3.0/gems/railties-5.0.1/lib/rails/application.rb:513:in `validate_secret_key_config!'
E, [2017-01-01T10:10:35.167078 #484] ERROR -- : /home/ubuntu/.rvm/gems/ruby-2.3.0/gems/railties-5.0.1/lib/rails/application.rb:246:in `env_config'
E, [2017-01-01T10:10:35.167089 #484] ERROR -- : /home/ubuntu/.rvm/gems/ruby-2.3.0/gems/railties-5.0.1/lib/rails/engine.rb:693:in `build_request'
E, [2017-01-01T10:10:35.167101 #484] ERROR -- : /home/ubuntu/.rvm/gems/ruby-2.3.0/gems/railties-5.0.1/lib/rails/application.rb:521:in `build_request'
E, [2017-01-01T10:10:35.167111 #484] ERROR -- : /home/ubuntu/.rvm/gems/ruby-2.3.0/gems/railties-5.0.1/lib/rails/engine.rb:521:in `call'
E, [2017-01-01T10:10:35.167121 #484] ERROR -- : /home/ubuntu/.rvm/gems/ruby-2.3.0/gems/unicorn-5.2.0/lib/unicorn/http_server.rb:562:in `process_client'
E, [2017-01-01T10:10:35.167131 #484] ERROR -- : /home/ubuntu/.rvm/gems/ruby-2.3.0/gems/unicorn-5.2.0/lib/unicorn/http_server.rb:658:in `worker_loop'
E, [2017-01-01T10:10:35.167141 #484] ERROR -- : /home/ubuntu/.rvm/gems/ruby-2.3.0/gems/unicorn-5.2.0/lib/unicorn/http_server.rb:508:in `spawn_missing_workers'
E, [2017-01-01T10:10:35.167150 #484] ERROR -- : /home/ubuntu/.rvm/gems/ruby-2.3.0/gems/unicorn-5.2.0/lib/unicorn/http_server.rb:132:in `start'
E, [2017-01-01T10:10:35.167173 #484] ERROR -- : /home/ubuntu/.rvm/gems/ruby-2.3.0/gems/unicorn-5.2.0/bin/unicorn:126:in `<top (required)>'
E, [2017-01-01T10:10:35.167195 #484] ERROR -- : /home/ubuntu/.rvm/gems/ruby-2.3.0/bin/unicorn:23:in `load'
E, [2017-01-01T10:10:35.167204 #484] ERROR -- : /home/ubuntu/.rvm/gems/ruby-2.3.0/bin/unicorn:23:in `<main>'
E, [2017-01-01T10:10:35.167213 #484] ERROR -- : /home/ubuntu/.rvm/gems/ruby-2.3.0/bin/ruby_executable_hooks:15:in `eval'
E, [2017-01-01T10:10:35.167247 #484] ERROR -- : /home/ubuntu/.rvm/gems/ruby-2.3.0/bin/ruby_executable_hooks:15:in `<main>'
E, [2017-01-01T13:29:47.007174 #484] ERROR -- : app error: Missing `secret_key_base` for 'production' environment, set this value in `config/secrets.yml` (RuntimeError)
E, [2017-01-01T13:29:47.007268 #484] ERROR -- : /home/ubuntu/.rvm/gems/ruby-2.3.0/gems/railties-5.0.1/lib/rails/application.rb:513:in `validate_secret_key_config!'
E, [2017-01-01T13:29:47.007288 #484] ERROR -- : /home/ubuntu/.rvm/gems/ruby-2.3.0/gems/railties-5.0.1/lib/rails/application.rb:246:in `env_config'
E, [2017-01-01T13:29:47.007301 #484] ERROR -- : /home/ubuntu/.rvm/gems/ruby-2.3.0/gems/railties-5.0.1/lib/rails/engine.rb:693:in `build_request'
E, [2017-01-01T13:29:47.007312 #484] ERROR -- : /home/ubuntu/.rvm/gems/ruby-2.3.0/gems/railties-5.0.1/lib/rails/application.rb:521:in `build_request'
E, [2017-01-01T13:29:47.007323 #484] ERROR -- : /home/ubuntu/.rvm/gems/ruby-2.3.0/gems/railties-5.0.1/lib/rails/engine.rb:521:in `call'
E, [2017-01-01T13:29:47.007366 #484] ERROR -- : /home/ubuntu/.rvm/gems/ruby-2.3.0/gems/unicorn-5.2.0/lib/unicorn/http_server.rb:562:in `process_client'
E, [2017-01-01T13:29:47.007377 #484] ERROR -- : /home/ubuntu/.rvm/gems/ruby-2.3.0/gems/unicorn-5.2.0/lib/unicorn/http_server.rb:658:in `worker_loop'
E, [2017-01-01T13:29:47.007397 #484] ERROR -- : /home/ubuntu/.rvm/gems/ruby-2.3.0/gems/unicorn-5.2.0/lib/unicorn/http_server.rb:508:in `spawn_missing_workers'
E, [2017-01-01T13:29:47.007408 #484] ERROR -- : /home/ubuntu/.rvm/gems/ruby-2.3.0/gems/unicorn-5.2.0/lib/unicorn/http_server.rb:132:in `start'
E, [2017-01-01T13:29:47.007417 #484] ERROR -- : /home/ubuntu/.rvm/gems/ruby-2.3.0/gems/unicorn-5.2.0/bin/unicorn:126:in `<top (required)>'
E, [2017-01-01T13:29:47.007426 #484] ERROR -- : /home/ubuntu/.rvm/gems/ruby-2.3.0/bin/unicorn:23:in `load'
E, [2017-01-01T13:29:47.007435 #484] ERROR -- : /home/ubuntu/.rvm/gems/ruby-2.3.0/bin/unicorn:23:in `<main>'
E, [2017-01-01T13:29:47.007458 #484] ERROR -- : /home/ubuntu/.rvm/gems/ruby-2.3.0/bin/ruby_executable_hooks:15:in `eval'
E, [2017-01-01T13:29:47.007468 #484] ERROR -- : /home/ubuntu/.rvm/gems/ruby-2.3.0/bin/ruby_executable_hooks:15:in `<main>'
E, [2017-01-01T14:26:52.725042 #486] ERROR -- : app error: Missing `secret_key_base` for 'production' environment, set this value in `config/secrets.yml` (RuntimeError)
E, [2017-01-01T14:26:52.725132 #486] ERROR -- : /home/ubuntu/.rvm/gems/ruby-2.3.0/gems/railties-5.0.1/lib/rails/application.rb:513:in `validate_secret_key_config!'
E, [2017-01-01T14:26:52.725150 #486] ERROR -- : /home/ubuntu/.rvm/gems/ruby-2.3.0/gems/railties-5.0.1/lib/rails/application.rb:246:in `env_config'
E, [2017-01-01T14:26:52.725161 #486] ERROR -- : /home/ubuntu/.rvm/gems/ruby-2.3.0/gems/railties-5.0.1/lib/rails/engine.rb:693:in `build_request'
E, [2017-01-01T14:26:52.725172 #486] ERROR -- : /home/ubuntu/.rvm/gems/ruby-2.3.0/gems/railties-5.0.1/lib/rails/application.rb:521:in `build_request'
E, [2017-01-01T14:26:52.725194 #486] ERROR -- : /home/ubuntu/.rvm/gems/ruby-2.3.0/gems/railties-5.0.1/lib/rails/engine.rb:521:in `call'
E, [2017-01-01T14:26:52.725204 #486] ERROR -- : /home/ubuntu/.rvm/gems/ruby-2.3.0/gems/unicorn-5.2.0/lib/unicorn/http_server.rb:562:in `process_client'
E, [2017-01-01T14:26:52.725257 #486] ERROR -- : /home/ubuntu/.rvm/gems/ruby-2.3.0/gems/unicorn-5.2.0/lib/unicorn/http_server.rb:658:in `worker_loop'
E, [2017-01-01T14:26:52.725273 #486] ERROR -- : /home/ubuntu/.rvm/gems/ruby-2.3.0/gems/unicorn-5.2.0/lib/unicorn/http_server.rb:508:in `spawn_missing_workers'
E, [2017-01-01T14:26:52.725283 #486] ERROR -- : /home/ubuntu/.rvm/gems/ruby-2.3.0/gems/unicorn-5.2.0/lib/unicorn/http_server.rb:132:in `start'
E, [2017-01-01T14:26:52.725294 #486] ERROR -- : /home/ubuntu/.rvm/gems/ruby-2.3.0/gems/unicorn-5.2.0/bin/unicorn:126:in `<top (required)>'
E, [2017-01-01T14:26:52.725303 #486] ERROR -- : /home/ubuntu/.rvm/gems/ruby-2.3.0/bin/unicorn:23:in `load'
E, [2017-01-01T14:26:52.725313 #486] ERROR -- : /home/ubuntu/.rvm/gems/ruby-2.3.0/bin/unicorn:23:in `<main>'
E, [2017-01-01T14:26:52.725322 #486] ERROR -- : /home/ubuntu/.rvm/gems/ruby-2.3.0/bin/ruby_executable_hooks:15:in `eval'
E, [2017-01-01T14:26:52.725332 #486] ERROR -- : /home/ubuntu/.rvm/gems/ruby-2.3.0/bin/ruby_executable_hooks:15:in `<main>'
E, [2017-01-01T14:59:35.162742 #484] ERROR -- : app error: Missing `secret_key_base` for 'production' environment, set this value in `config/secrets.yml` (RuntimeError)
E, [2017-01-01T14:59:35.162833 #484] ERROR -- : /home/ubuntu/.rvm/gems/ruby-2.3.0/gems/railties-5.0.1/lib/rails/application.rb:513:in `validate_secret_key_config!'
E, [2017-01-01T14:59:35.162851 #484] ERROR -- : /home/ubuntu/.rvm/gems/ruby-2.3.0/gems/railties-5.0.1/lib/rails/application.rb:246:in `env_config'
E, [2017-01-01T14:59:35.162890 #484] ERROR -- : /home/ubuntu/.rvm/gems/ruby-2.3.0/gems/railties-5.0.1/lib/rails/engine.rb:693:in `build_request'
E, [2017-01-01T14:59:35.162903 #484] ERROR -- : /home/ubuntu/.rvm/gems/ruby-2.3.0/gems/railties-5.0.1/lib/rails/application.rb:521:in `build_request'
E, [2017-01-01T14:59:35.162913 #484] ERROR -- : /home/ubuntu/.rvm/gems/ruby-2.3.0/gems/railties-5.0.1/lib/rails/engine.rb:521:in `call'
E, [2017-01-01T14:59:35.162934 #484] ERROR -- : /home/ubuntu/.rvm/gems/ruby-2.3.0/gems/unicorn-5.2.0/lib/unicorn/http_server.rb:562:in `process_client'
E, [2017-01-01T14:59:35.162961 #484] ERROR -- : /home/ubuntu/.rvm/gems/ruby-2.3.0/gems/unicorn-5.2.0/lib/unicorn/http_server.rb:658:in `worker_loop'
E, [2017-01-01T14:59:35.163026 #484] ERROR -- : /home/ubuntu/.rvm/gems/ruby-2.3.0/gems/unicorn-5.2.0/lib/unicorn/http_server.rb:508:in `spawn_missing_workers'
E, [2017-01-01T14:59:35.163037 #484] ERROR -- : /home/ubuntu/.rvm/gems/ruby-2.3.0/gems/unicorn-5.2.0/lib/unicorn/http_server.rb:132:in `start'
E, [2017-01-01T14:59:35.163047 #484] ERROR -- : /home/ubuntu/.rvm/gems/ruby-2.3.0/gems/unicorn-5.2.0/bin/unicorn:126:in `<top (required)>'
E, [2017-01-01T14:59:35.163057 #484] ERROR -- : /home/ubuntu/.rvm/gems/ruby-2.3.0/bin/unicorn:23:in `load'
E, [2017-01-01T14:59:35.163067 #484] ERROR -- : /home/ubuntu/.rvm/gems/ruby-2.3.0/bin/unicorn:23:in `<main>'
E, [2017-01-01T14:59:35.163076 #484] ERROR -- : /home/ubuntu/.rvm/gems/ruby-2.3.0/bin/ruby_executable_hooks:15:in `eval'
E, [2017-01-01T14:59:35.163087 #484] ERROR -- : /home/ubuntu/.rvm/gems/ruby-2.3.0/bin/ruby_executable_hooks:15:in `<main>'
E, [2017-01-01T15:13:57.662329 #484] ERROR -- : app error: Missing `secret_key_base` for 'production' environment, set this value in `config/secrets.yml` (RuntimeError)
E, [2017-01-01T15:13:57.662459 #484] ERROR -- : /home/ubuntu/.rvm/gems/ruby-2.3.0/gems/railties-5.0.1/lib/rails/application.rb:513:in `validate_secret_key_config!'
E, [2017-01-01T15:13:57.662491 #484] ERROR -- : /home/ubuntu/.rvm/gems/ruby-2.3.0/gems/railties-5.0.1/lib/rails/application.rb:246:in `env_config'
E, [2017-01-01T15:13:57.662502 #484] ERROR -- : /home/ubuntu/.rvm/gems/ruby-2.3.0/gems/railties-5.0.1/lib/rails/engine.rb:693:in `build_request'
E, [2017-01-01T15:13:57.662513 #484] ERROR -- : /home/ubuntu/.rvm/gems/ruby-2.3.0/gems/railties-5.0.1/lib/rails/application.rb:521:in `build_request'
E, [2017-01-01T15:13:57.662523 #484] ERROR -- : /home/ubuntu/.rvm/gems/ruby-2.3.0/gems/railties-5.0.1/lib/rails/engine.rb:521:in `call'
E, [2017-01-01T15:13:57.662533 #484] ERROR -- : /home/ubuntu/.rvm/gems/ruby-2.3.0/gems/unicorn-5.2.0/lib/unicorn/http_server.rb:562:in `process_client'
E, [2017-01-01T15:13:57.662560 #484] ERROR -- : /home/ubuntu/.rvm/gems/ruby-2.3.0/gems/unicorn-5.2.0/lib/unicorn/http_server.rb:658:in `worker_loop'
E, [2017-01-01T15:13:57.662571 #484] ERROR -- : /home/ubuntu/.rvm/gems/ruby-2.3.0/gems/unicorn-5.2.0/lib/unicorn/http_server.rb:508:in `spawn_missing_workers'
E, [2017-01-01T15:13:57.662580 #484] ERROR -- : /home/ubuntu/.rvm/gems/ruby-2.3.0/gems/unicorn-5.2.0/lib/unicorn/http_server.rb:132:in `start'
E, [2017-01-01T15:13:57.662590 #484] ERROR -- : /home/ubuntu/.rvm/gems/ruby-2.3.0/gems/unicorn-5.2.0/bin/unicorn:126:in `<top (required)>'
E, [2017-01-01T15:13:57.662600 #484] ERROR -- : /home/ubuntu/.rvm/gems/ruby-2.3.0/bin/unicorn:23:in `load'
E, [2017-01-01T15:13:57.662621 #484] ERROR -- : /home/ubuntu/.rvm/gems/ruby-2.3.0/bin/unicorn:23:in `<main>'
E, [2017-01-01T15:13:57.662638 #484] ERROR -- : /home/ubuntu/.rvm/gems/ruby-2.3.0/bin/ruby_executable_hooks:15:in `eval'
E, [2017-01-01T15:13:57.662649 #484] ERROR -- : /home/ubuntu/.rvm/gems/ruby-2.3.0/bin/ruby_executable_hooks:15:in `<main>'
E, [2017-01-01T16:19:35.563860 #486] ERROR -- : app error: Missing `secret_key_base` for 'production' environment, set this value in `config/secrets.yml` (RuntimeError)
E, [2017-01-01T16:19:35.564020 #486] ERROR -- : /home/ubuntu/.rvm/gems/ruby-2.3.0/gems/railties-5.0.1/lib/rails/application.rb:513:in `validate_secret_key_config!'
E, [2017-01-01T16:19:35.564043 #486] ERROR -- : /home/ubuntu/.rvm/gems/ruby-2.3.0/gems/railties-5.0.1/lib/rails/application.rb:246:in `env_config'
E, [2017-01-01T16:19:35.564054 #486] ERROR -- : /home/ubuntu/.rvm/gems/ruby-2.3.0/gems/railties-5.0.1/lib/rails/engine.rb:693:in `build_request'
E, [2017-01-01T16:19:35.564064 #486] ERROR -- : /home/ubuntu/.rvm/gems/ruby-2.3.0/gems/railties-5.0.1/lib/rails/application.rb:521:in `build_request'
E, [2017-01-01T16:19:35.564073 #486] ERROR -- : /home/ubuntu/.rvm/gems/ruby-2.3.0/gems/railties-5.0.1/lib/rails/engine.rb:521:in `call'
E, [2017-01-01T16:19:35.564167 #486] ERROR -- : /home/ubuntu/.rvm/gems/ruby-2.3.0/gems/unicorn-5.2.0/lib/unicorn/http_server.rb:562:in `process_client'
E, [2017-01-01T16:19:35.564189 #486] ERROR -- : /home/ubuntu/.rvm/gems/ruby-2.3.0/gems/unicorn-5.2.0/lib/unicorn/http_server.rb:658:in `worker_loop'
E, [2017-01-01T16:19:35.564199 #486] ERROR -- : /home/ubuntu/.rvm/gems/ruby-2.3.0/gems/unicorn-5.2.0/lib/unicorn/http_server.rb:508:in `spawn_missing_workers'
E, [2017-01-01T16:19:35.564209 #486] ERROR -- : /home/ubuntu/.rvm/gems/ruby-2.3.0/gems/unicorn-5.2.0/lib/unicorn/http_server.rb:132:in `start'
E, [2017-01-01T16:19:35.564225 #486] ERROR -- : /home/ubuntu/.rvm/gems/ruby-2.3.0/gems/unicorn-5.2.0/bin/unicorn:126:in `<top (required)>'
E, [2017-01-01T16:19:35.564234 #486] ERROR -- : /home/ubuntu/.rvm/gems/ruby-2.3.0/bin/unicorn:23:in `load'
E, [2017-01-01T16:19:35.564243 #486] ERROR -- : /home/ubuntu/.rvm/gems/ruby-2.3.0/bin/unicorn:23:in `<main>'
E, [2017-01-01T16:19:35.564251 #486] ERROR -- : /home/ubuntu/.rvm/gems/ruby-2.3.0/bin/ruby_executable_hooks:15:in `eval'
E, [2017-01-01T16:19:35.564261 #486] ERROR -- : /home/ubuntu/.rvm/gems/ruby-2.3.0/bin/ruby_executable_hooks:15:in `<main>'
E, [2017-01-01T18:46:46.476442 #484] ERROR -- : app error: Missing `secret_key_base` for 'production' environment, set this value in `config/secrets.yml` (RuntimeError)
E, [2017-01-01T18:46:46.476536 #484] ERROR -- : /home/ubuntu/.rvm/gems/ruby-2.3.0/gems/railties-5.0.1/lib/rails/application.rb:513:in `validate_secret_key_config!'
E, [2017-01-01T18:46:46.476554 #484] ERROR -- : /home/ubuntu/.rvm/gems/ruby-2.3.0/gems/railties-5.0.1/lib/rails/application.rb:246:in `env_config'
E, [2017-01-01T18:46:46.476566 #484] ERROR -- : /home/ubuntu/.rvm/gems/ruby-2.3.0/gems/railties-5.0.1/lib/rails/engine.rb:693:in `build_request'
E, [2017-01-01T18:46:46.476576 #484] ERROR -- : /home/ubuntu/.rvm/gems/ruby-2.3.0/gems/railties-5.0.1/lib/rails/application.rb:521:in `build_request'
E, [2017-01-01T18:46:46.476586 #484] ERROR -- : /home/ubuntu/.rvm/gems/ruby-2.3.0/gems/railties-5.0.1/lib/rails/engine.rb:521:in `call'
E, [2017-01-01T18:46:46.476615 #484] ERROR -- : /home/ubuntu/.rvm/gems/ruby-2.3.0/gems/unicorn-5.2.0/lib/unicorn/http_server.rb:562:in `process_client'
E, [2017-01-01T18:46:46.476625 #484] ERROR -- : /home/ubuntu/.rvm/gems/ruby-2.3.0/gems/unicorn-5.2.0/lib/unicorn/http_server.rb:658:in `worker_loop'
E, [2017-01-01T18:46:46.476634 #484] ERROR -- : /home/ubuntu/.rvm/gems/ruby-2.3.0/gems/unicorn-5.2.0/lib/unicorn/http_server.rb:508:in `spawn_missing_workers'
E, [2017-01-01T18:46:46.476644 #484] ERROR -- : /home/ubuntu/.rvm/gems/ruby-2.3.0/gems/unicorn-5.2.0/lib/unicorn/http_server.rb:132:in `start'
E, [2017-01-01T18:46:46.476654 #484] ERROR -- : /home/ubuntu/.rvm/gems/ruby-2.3.0/gems/unicorn-5.2.0/bin/unicorn:126:in `<top (required)>'
E, [2017-01-01T18:46:46.476692 #484] ERROR -- : /home/ubuntu/.rvm/gems/ruby-2.3.0/bin/unicorn:23:in `load'
E, [2017-01-01T18:46:46.476702 #484] ERROR -- : /home/ubuntu/.rvm/gems/ruby-2.3.0/bin/unicorn:23:in `<main>'
E, [2017-01-01T18:46:46.476710 #484] ERROR -- : /home/ubuntu/.rvm/gems/ruby-2.3.0/bin/ruby_executable_hooks:15:in `eval'
E, [2017-01-01T18:46:46.476720 #484] ERROR -- : /home/ubuntu/.rvm/gems/ruby-2.3.0/bin/ruby_executable_hooks:15:in `<main>'
E, [2017-01-01T18:46:49.948295 #484] ERROR -- : app error: Missing `secret_key_base` for 'production' environment, set this value in `config/secrets.yml` (RuntimeError)
E, [2017-01-01T18:46:49.948394 #484] ERROR -- : /home/ubuntu/.rvm/gems/ruby-2.3.0/gems/railties-5.0.1/lib/rails/application.rb:513:in `validate_secret_key_config!'
E, [2017-01-01T18:46:49.948412 #484] ERROR -- : /home/ubuntu/.rvm/gems/ruby-2.3.0/gems/railties-5.0.1/lib/rails/application.rb:246:in `env_config'
E, [2017-01-01T18:46:49.948423 #484] ERROR -- : /home/ubuntu/.rvm/gems/ruby-2.3.0/gems/railties-5.0.1/lib/rails/engine.rb:693:in `build_request'
E, [2017-01-01T18:46:49.948434 #484] ERROR -- : /home/ubuntu/.rvm/gems/ruby-2.3.0/gems/railties-5.0.1/lib/rails/application.rb:521:in `build_request'
E, [2017-01-01T18:46:49.948466 #484] ERROR -- : /home/ubuntu/.rvm/gems/ruby-2.3.0/gems/railties-5.0.1/lib/rails/engine.rb:521:in `call'
E, [2017-01-01T18:46:49.948493 #484] ERROR -- : /home/ubuntu/.rvm/gems/ruby-2.3.0/gems/unicorn-5.2.0/lib/unicorn/http_server.rb:562:in `process_client'
E, [2017-01-01T18:46:49.948504 #484] ERROR -- : /home/ubuntu/.rvm/gems/ruby-2.3.0/gems/unicorn-5.2.0/lib/unicorn/http_server.rb:658:in `worker_loop'
E, [2017-01-01T18:46:49.948514 #484] ERROR -- : /home/ubuntu/.rvm/gems/ruby-2.3.0/gems/unicorn-5.2.0/lib/unicorn/http_server.rb:508:in `spawn_missing_workers'
E, [2017-01-01T18:46:49.948524 #484] ERROR -- : /home/ubuntu/.rvm/gems/ruby-2.3.0/gems/unicorn-5.2.0/lib/unicorn/http_server.rb:132:in `start'
E, [2017-01-01T18:46:49.948534 #484] ERROR -- : /home/ubuntu/.rvm/gems/ruby-2.3.0/gems/unicorn-5.2.0/bin/unicorn:126:in `<top (required)>'
E, [2017-01-01T18:46:49.948543 #484] ERROR -- : /home/ubuntu/.rvm/gems/ruby-2.3.0/bin/unicorn:23:in `load'
E, [2017-01-01T18:46:49.948557 #484] ERROR -- : /home/ubuntu/.rvm/gems/ruby-2.3.0/bin/unicorn:23:in `<main>'
E, [2017-01-01T18:46:49.948566 #484] ERROR -- : /home/ubuntu/.rvm/gems/ruby-2.3.0/bin/ruby_executable_hooks:15:in `eval'
E, [2017-01-01T18:46:49.948576 #484] ERROR -- : /home/ubuntu/.rvm/gems/ruby-2.3.0/bin/ruby_executable_hooks:15:in `<main>'
E, [2017-01-01T18:47:22.142065 #486] ERROR -- : app error: Missing `secret_key_base` for 'production' environment, set this value in `config/secrets.yml` (RuntimeError)
E, [2017-01-01T18:47:22.142154 #486] ERROR -- : /home/ubuntu/.rvm/gems/ruby-2.3.0/gems/railties-5.0.1/lib/rails/application.rb:513:in `validate_secret_key_config!'
E, [2017-01-01T18:47:22.142170 #486] ERROR -- : /home/ubuntu/.rvm/gems/ruby-2.3.0/gems/railties-5.0.1/lib/rails/application.rb:246:in `env_config'
E, [2017-01-01T18:47:22.142182 #486] ERROR -- : /home/ubuntu/.rvm/gems/ruby-2.3.0/gems/railties-5.0.1/lib/rails/engine.rb:693:in `build_request'
E, [2017-01-01T18:47:22.142191 #486] ERROR -- : /home/ubuntu/.rvm/gems/ruby-2.3.0/gems/railties-5.0.1/lib/rails/application.rb:521:in `build_request'
E, [2017-01-01T18:47:22.142258 #486] ERROR -- : /home/ubuntu/.rvm/gems/ruby-2.3.0/gems/railties-5.0.1/lib/rails/engine.rb:521:in `call'
E, [2017-01-01T18:47:22.142271 #486] ERROR -- : /home/ubuntu/.rvm/gems/ruby-2.3.0/gems/unicorn-5.2.0/lib/unicorn/http_server.rb:562:in `process_client'
E, [2017-01-01T18:47:22.142281 #486] ERROR -- : /home/ubuntu/.rvm/gems/ruby-2.3.0/gems/unicorn-5.2.0/lib/unicorn/http_server.rb:658:in `worker_loop'
E, [2017-01-01T18:47:22.142291 #486] ERROR -- : /home/ubuntu/.rvm/gems/ruby-2.3.0/gems/unicorn-5.2.0/lib/unicorn/http_server.rb:508:in `spawn_missing_workers'
E, [2017-01-01T18:47:22.142300 #486] ERROR -- : /home/ubuntu/.rvm/gems/ruby-2.3.0/gems/unicorn-5.2.0/lib/unicorn/http_server.rb:132:in `start'
E, [2017-01-01T18:47:22.142310 #486] ERROR -- : /home/ubuntu/.rvm/gems/ruby-2.3.0/gems/unicorn-5.2.0/bin/unicorn:126:in `<top (required)>'
E, [2017-01-01T18:47:22.142357 #486] ERROR -- : /home/ubuntu/.rvm/gems/ruby-2.3.0/bin/unicorn:23:in `load'
E, [2017-01-01T18:47:22.142368 #486] ERROR -- : /home/ubuntu/.rvm/gems/ruby-2.3.0/bin/unicorn:23:in `<main>'
E, [2017-01-01T18:47:22.142376 #486] ERROR -- : /home/ubuntu/.rvm/gems/ruby-2.3.0/bin/ruby_executable_hooks:15:in `eval'
E, [2017-01-01T18:47:22.142402 #486] ERROR -- : /home/ubuntu/.rvm/gems/ruby-2.3.0/bin/ruby_executable_hooks:15:in `<main>'
E, [2017-01-01T18:48:07.630511 #484] ERROR -- : app error: Missing `secret_key_base` for 'production' environment, set this value in `config/secrets.yml` (RuntimeError)
E, [2017-01-01T18:48:07.630632 #484] ERROR -- : /home/ubuntu/.rvm/gems/ruby-2.3.0/gems/railties-5.0.1/lib/rails/application.rb:513:in `validate_secret_key_config!'
E, [2017-01-01T18:48:07.630669 #484] ERROR -- : /home/ubuntu/.rvm/gems/ruby-2.3.0/gems/railties-5.0.1/lib/rails/application.rb:246:in `env_config'
E, [2017-01-01T18:48:07.630706 #484] ERROR -- : /home/ubuntu/.rvm/gems/ruby-2.3.0/gems/railties-5.0.1/lib/rails/engine.rb:693:in `build_request'
E, [2017-01-01T18:48:07.630717 #484] ERROR -- : /home/ubuntu/.rvm/gems/ruby-2.3.0/gems/railties-5.0.1/lib/rails/application.rb:521:in `build_request'
E, [2017-01-01T18:48:07.630739 #484] ERROR -- : /home/ubuntu/.rvm/gems/ruby-2.3.0/gems/railties-5.0.1/lib/rails/engine.rb:521:in `call'
E, [2017-01-01T18:48:07.630750 #484] ERROR -- : /home/ubuntu/.rvm/gems/ruby-2.3.0/gems/unicorn-5.2.0/lib/unicorn/http_server.rb:562:in `process_client'
E, [2017-01-01T18:48:07.630760 #484] ERROR -- : /home/ubuntu/.rvm/gems/ruby-2.3.0/gems/unicorn-5.2.0/lib/unicorn/http_server.rb:658:in `worker_loop'
E, [2017-01-01T18:48:07.630770 #484] ERROR -- : /home/ubuntu/.rvm/gems/ruby-2.3.0/gems/unicorn-5.2.0/lib/unicorn/http_server.rb:508:in `spawn_missing_workers'
E, [2017-01-01T18:48:07.630779 #484] ERROR -- : /home/ubuntu/.rvm/gems/ruby-2.3.0/gems/unicorn-5.2.0/lib/unicorn/http_server.rb:132:in `start'
E, [2017-01-01T18:48:07.630788 #484] ERROR -- : /home/ubuntu/.rvm/gems/ruby-2.3.0/gems/unicorn-5.2.0/bin/unicorn:126:in `<top (required)>'
E, [2017-01-01T18:48:07.630798 #484] ERROR -- : /home/ubuntu/.rvm/gems/ruby-2.3.0/bin/unicorn:23:in `load'
E, [2017-01-01T18:48:07.630807 #484] ERROR -- : /home/ubuntu/.rvm/gems/ruby-2.3.0/bin/unicorn:23:in `<main>'
E, [2017-01-01T18:48:07.630815 #484] ERROR -- : /home/ubuntu/.rvm/gems/ruby-2.3.0/bin/ruby_executable_hooks:15:in `eval'
E, [2017-01-01T18:48:07.630844 #484] ERROR -- : /home/ubuntu/.rvm/gems/ruby-2.3.0/bin/ruby_executable_hooks:15:in `<main>'
E, [2017-01-01T18:48:24.825549 #484] ERROR -- : app error: Missing `secret_key_base` for 'production' environment, set this value in `config/secrets.yml` (RuntimeError)
E, [2017-01-01T18:48:24.825664 #484] ERROR -- : /home/ubuntu/.rvm/gems/ruby-2.3.0/gems/railties-5.0.1/lib/rails/application.rb:513:in `validate_secret_key_config!'
E, [2017-01-01T18:48:24.825683 #484] ERROR -- : /home/ubuntu/.rvm/gems/ruby-2.3.0/gems/railties-5.0.1/lib/rails/application.rb:246:in `env_config'
E, [2017-01-01T18:48:24.825695 #484] ERROR -- : /home/ubuntu/.rvm/gems/ruby-2.3.0/gems/railties-5.0.1/lib/rails/engine.rb:693:in `build_request'
E, [2017-01-01T18:48:24.825705 #484] ERROR -- : /home/ubuntu/.rvm/gems/ruby-2.3.0/gems/railties-5.0.1/lib/rails/application.rb:521:in `build_request'
E, [2017-01-01T18:48:24.825726 #484] ERROR -- : /home/ubuntu/.rvm/gems/ruby-2.3.0/gems/railties-5.0.1/lib/rails/engine.rb:521:in `call'
E, [2017-01-01T18:48:24.825743 #484] ERROR -- : /home/ubuntu/.rvm/gems/ruby-2.3.0/gems/unicorn-5.2.0/lib/unicorn/http_server.rb:562:in `process_client'
E, [2017-01-01T18:48:24.825753 #484] ERROR -- : /home/ubuntu/.rvm/gems/ruby-2.3.0/gems/unicorn-5.2.0/lib/unicorn/http_server.rb:658:in `worker_loop'
E, [2017-01-01T18:48:24.825763 #484] ERROR -- : /home/ubuntu/.rvm/gems/ruby-2.3.0/gems/unicorn-5.2.0/lib/unicorn/http_server.rb:508:in `spawn_missing_workers'
E, [2017-01-01T18:48:24.825773 #484] ERROR -- : /home/ubuntu/.rvm/gems/ruby-2.3.0/gems/unicorn-5.2.0/lib/unicorn/http_server.rb:132:in `start'
E, [2017-01-01T18:48:24.825791 #484] ERROR -- : /home/ubuntu/.rvm/gems/ruby-2.3.0/gems/unicorn-5.2.0/bin/unicorn:126:in `<top (required)>'
E, [2017-01-01T18:48:24.825817 #484] ERROR -- : /home/ubuntu/.rvm/gems/ruby-2.3.0/bin/unicorn:23:in `load'
E, [2017-01-01T18:48:24.825827 #484] ERROR -- : /home/ubuntu/.rvm/gems/ruby-2.3.0/bin/unicorn:23:in `<main>'
E, [2017-01-01T18:48:24.825836 #484] ERROR -- : /home/ubuntu/.rvm/gems/ruby-2.3.0/bin/ruby_executable_hooks:15:in `eval'
E, [2017-01-01T18:48:24.825846 #484] ERROR -- : /home/ubuntu/.rvm/gems/ruby-2.3.0/bin/ruby_executable_hooks:15:in `<main>'
E, [2017-01-01T18:54:07.785308 #486] ERROR -- : app error: Missing `secret_key_base` for 'production' environment, set this value in `config/secrets.yml` (RuntimeError)
E, [2017-01-01T18:54:07.785473 #486] ERROR -- : /home/ubuntu/.rvm/gems/ruby-2.3.0/gems/railties-5.0.1/lib/rails/application.rb:513:in `validate_secret_key_config!'
E, [2017-01-01T18:54:07.785494 #486] ERROR -- : /home/ubuntu/.rvm/gems/ruby-2.3.0/gems/railties-5.0.1/lib/rails/application.rb:246:in `env_config'
E, [2017-01-01T18:54:07.785505 #486] ERROR -- : /home/ubuntu/.rvm/gems/ruby-2.3.0/gems/railties-5.0.1/lib/rails/engine.rb:693:in `build_request'
E, [2017-01-01T18:54:07.785525 #486] ERROR -- : /home/ubuntu/.rvm/gems/ruby-2.3.0/gems/railties-5.0.1/lib/rails/application.rb:521:in `build_request'
E, [2017-01-01T18:54:07.785536 #486] ERROR -- : /home/ubuntu/.rvm/gems/ruby-2.3.0/gems/railties-5.0.1/lib/rails/engine.rb:521:in `call'
E, [2017-01-01T18:54:07.785623 #486] ERROR -- : /home/ubuntu/.rvm/gems/ruby-2.3.0/gems/unicorn-5.2.0/lib/unicorn/http_server.rb:562:in `process_client'
E, [2017-01-01T18:54:07.785633 #486] ERROR -- : /home/ubuntu/.rvm/gems/ruby-2.3.0/gems/unicorn-5.2.0/lib/unicorn/http_server.rb:658:in `worker_loop'
E, [2017-01-01T18:54:07.785642 #486] ERROR -- : /home/ubuntu/.rvm/gems/ruby-2.3.0/gems/unicorn-5.2.0/lib/unicorn/http_server.rb:508:in `spawn_missing_workers'
E, [2017-01-01T18:54:07.785651 #486] ERROR -- : /home/ubuntu/.rvm/gems/ruby-2.3.0/gems/unicorn-5.2.0/lib/unicorn/http_server.rb:132:in `start'
E, [2017-01-01T18:54:07.785672 #486] ERROR -- : /home/ubuntu/.rvm/gems/ruby-2.3.0/gems/unicorn-5.2.0/bin/unicorn:126:in `<top (required)>'
E, [2017-01-01T18:54:07.785682 #486] ERROR -- : /home/ubuntu/.rvm/gems/ruby-2.3.0/bin/unicorn:23:in `load'
E, [2017-01-01T18:54:07.785723 #486] ERROR -- : /home/ubuntu/.rvm/gems/ruby-2.3.0/bin/unicorn:23:in `<main>'
E, [2017-01-01T18:54:07.785738 #486] ERROR -- : /home/ubuntu/.rvm/gems/ruby-2.3.0/bin/ruby_executable_hooks:15:in `eval'
E, [2017-01-01T18:54:07.785747 #486] ERROR -- : /home/ubuntu/.rvm/gems/ruby-2.3.0/bin/ruby_executable_hooks:15:in `<main>'
E, [2017-01-01T19:00:03.522123 #484] ERROR -- : app error: Missing `secret_key_base` for 'production' environment, set this value in `config/secrets.yml` (RuntimeError)
E, [2017-01-01T19:00:03.522235 #484] ERROR -- : /home/ubuntu/.rvm/gems/ruby-2.3.0/gems/railties-5.0.1/lib/rails/application.rb:513:in `validate_secret_key_config!'
E, [2017-01-01T19:00:03.522255 #484] ERROR -- : /home/ubuntu/.rvm/gems/ruby-2.3.0/gems/railties-5.0.1/lib/rails/application.rb:246:in `env_config'
E, [2017-01-01T19:00:03.522267 #484] ERROR -- : /home/ubuntu/.rvm/gems/ruby-2.3.0/gems/railties-5.0.1/lib/rails/engine.rb:693:in `build_request'
E, [2017-01-01T19:00:03.522277 #484] ERROR -- : /home/ubuntu/.rvm/gems/ruby-2.3.0/gems/railties-5.0.1/lib/rails/application.rb:521:in `build_request'
E, [2017-01-01T19:00:03.522298 #484] ERROR -- : /home/ubuntu/.rvm/gems/ruby-2.3.0/gems/railties-5.0.1/lib/rails/engine.rb:521:in `call'
E, [2017-01-01T19:00:03.522323 #484] ERROR -- : /home/ubuntu/.rvm/gems/ruby-2.3.0/gems/unicorn-5.2.0/lib/unicorn/http_server.rb:562:in `process_client'
E, [2017-01-01T19:00:03.522334 #484] ERROR -- : /home/ubuntu/.rvm/gems/ruby-2.3.0/gems/unicorn-5.2.0/lib/unicorn/http_server.rb:658:in `worker_loop'
E, [2017-01-01T19:00:03.522355 #484] ERROR -- : /home/ubuntu/.rvm/gems/ruby-2.3.0/gems/unicorn-5.2.0/lib/unicorn/http_server.rb:508:in `spawn_missing_workers'
E, [2017-01-01T19:00:03.522376 #484] ERROR -- : /home/ubuntu/.rvm/gems/ruby-2.3.0/gems/unicorn-5.2.0/lib/unicorn/http_server.rb:132:in `start'
E, [2017-01-01T19:00:03.522421 #484] ERROR -- : /home/ubuntu/.rvm/gems/ruby-2.3.0/gems/unicorn-5.2.0/bin/unicorn:126:in `<top (required)>'
E, [2017-01-01T19:00:03.522431 #484] ERROR -- : /home/ubuntu/.rvm/gems/ruby-2.3.0/bin/unicorn:23:in `load'
E, [2017-01-01T19:00:03.522440 #484] ERROR -- : /home/ubuntu/.rvm/gems/ruby-2.3.0/bin/unicorn:23:in `<main>'
E, [2017-01-01T19:00:03.522449 #484] ERROR -- : /home/ubuntu/.rvm/gems/ruby-2.3.0/bin/ruby_executable_hooks:15:in `eval'
E, [2017-01-01T19:00:03.522459 #484] ERROR -- : /home/ubuntu/.rvm/gems/ruby-2.3.0/bin/ruby_executable_hooks:15:in `<main>'
E, [2017-01-01T19:00:03.660641 #486] ERROR -- : app error: Missing `secret_key_base` for 'production' environment, set this value in `config/secrets.yml` (RuntimeError)
E, [2017-01-01T19:00:03.660732 #486] ERROR -- : /home/ubuntu/.rvm/gems/ruby-2.3.0/gems/railties-5.0.1/lib/rails/application.rb:513:in `validate_secret_key_config!'
E, [2017-01-01T19:00:03.660749 #486] ERROR -- : /home/ubuntu/.rvm/gems/ruby-2.3.0/gems/railties-5.0.1/lib/rails/application.rb:246:in `env_config'
E, [2017-01-01T19:00:03.660773 #486] ERROR -- : /home/ubuntu/.rvm/gems/ruby-2.3.0/gems/railties-5.0.1/lib/rails/engine.rb:693:in `build_request'
E, [2017-01-01T19:00:03.660785 #486] ERROR -- : /home/ubuntu/.rvm/gems/ruby-2.3.0/gems/railties-5.0.1/lib/rails/application.rb:521:in `build_request'
E, [2017-01-01T19:00:03.660795 #486] ERROR -- : /home/ubuntu/.rvm/gems/ruby-2.3.0/gems/railties-5.0.1/lib/rails/engine.rb:521:in `call'
E, [2017-01-01T19:00:03.660804 #486] ERROR -- : /home/ubuntu/.rvm/gems/ruby-2.3.0/gems/unicorn-5.2.0/lib/unicorn/http_server.rb:562:in `process_client'
E, [2017-01-01T19:00:03.660814 #486] ERROR -- : /home/ubuntu/.rvm/gems/ruby-2.3.0/gems/unicorn-5.2.0/lib/unicorn/http_server.rb:658:in `worker_loop'
E, [2017-01-01T19:00:03.660849 #486] ERROR -- : /home/ubuntu/.rvm/gems/ruby-2.3.0/gems/unicorn-5.2.0/lib/unicorn/http_server.rb:508:in `spawn_missing_workers'
E, [2017-01-01T19:00:03.660862 #486] ERROR -- : /home/ubuntu/.rvm/gems/ruby-2.3.0/gems/unicorn-5.2.0/lib/unicorn/http_server.rb:132:in `start'
E, [2017-01-01T19:00:03.660871 #486] ERROR -- : /home/ubuntu/.rvm/gems/ruby-2.3.0/gems/unicorn-5.2.0/bin/unicorn:126:in `<top (required)>'
E, [2017-01-01T19:00:03.660922 #486] ERROR -- : /home/ubuntu/.rvm/gems/ruby-2.3.0/bin/unicorn:23:in `load'
E, [2017-01-01T19:00:03.660934 #486] ERROR -- : /home/ubuntu/.rvm/gems/ruby-2.3.0/bin/unicorn:23:in `<main>'
E, [2017-01-01T19:00:03.660943 #486] ERROR -- : /home/ubuntu/.rvm/gems/ruby-2.3.0/bin/ruby_executable_hooks:15:in `eval'
E, [2017-01-01T19:00:03.660953 #486] ERROR -- : /home/ubuntu/.rvm/gems/ruby-2.3.0/bin/ruby_executable_hooks:15:in `<main>'
E, [2017-01-01T19:00:03.760569 #484] ERROR -- : app error: Missing `secret_key_base` for 'production' environment, set this value in `config/secrets.yml` (RuntimeError)
E, [2017-01-01T19:00:03.760684 #484] ERROR -- : /home/ubuntu/.rvm/gems/ruby-2.3.0/gems/railties-5.0.1/lib/rails/application.rb:513:in `validate_secret_key_config!'
E, [2017-01-01T19:00:03.760702 #484] ERROR -- : /home/ubuntu/.rvm/gems/ruby-2.3.0/gems/railties-5.0.1/lib/rails/application.rb:246:in `env_config'
E, [2017-01-01T19:00:03.760713 #484] ERROR -- : /home/ubuntu/.rvm/gems/ruby-2.3.0/gems/railties-5.0.1/lib/rails/engine.rb:693:in `build_request'
E, [2017-01-01T19:00:03.760724 #484] ERROR -- : /home/ubuntu/.rvm/gems/ruby-2.3.0/gems/railties-5.0.1/lib/rails/application.rb:521:in `build_request'
E, [2017-01-01T19:00:03.760733 #484] ERROR -- : /home/ubuntu/.rvm/gems/ruby-2.3.0/gems/railties-5.0.1/lib/rails/engine.rb:521:in `call'
E, [2017-01-01T19:00:03.760752 #484] ERROR -- : /home/ubuntu/.rvm/gems/ruby-2.3.0/gems/unicorn-5.2.0/lib/unicorn/http_server.rb:562:in `process_client'
E, [2017-01-01T19:00:03.760763 #484] ERROR -- : /home/ubuntu/.rvm/gems/ruby-2.3.0/gems/unicorn-5.2.0/lib/unicorn/http_server.rb:658:in `worker_loop'
E, [2017-01-01T19:00:03.760773 #484] ERROR -- : /home/ubuntu/.rvm/gems/ruby-2.3.0/gems/unicorn-5.2.0/lib/unicorn/http_server.rb:508:in `spawn_missing_workers'
E, [2017-01-01T19:00:03.760782 #484] ERROR -- : /home/ubuntu/.rvm/gems/ruby-2.3.0/gems/unicorn-5.2.0/lib/unicorn/http_server.rb:132:in `start'
E, [2017-01-01T19:00:03.760792 #484] ERROR -- : /home/ubuntu/.rvm/gems/ruby-2.3.0/gems/unicorn-5.2.0/bin/unicorn:126:in `<top (required)>'
E, [2017-01-01T19:00:03.760801 #484] ERROR -- : /home/ubuntu/.rvm/gems/ruby-2.3.0/bin/unicorn:23:in `load'
E, [2017-01-01T19:00:03.760810 #484] ERROR -- : /home/ubuntu/.rvm/gems/ruby-2.3.0/bin/unicorn:23:in `<main>'
E, [2017-01-01T19:00:03.760819 #484] ERROR -- : /home/ubuntu/.rvm/gems/ruby-2.3.0/bin/ruby_executable_hooks:15:in `eval'
E, [2017-01-01T19:00:03.760829 #484] ERROR -- : /home/ubuntu/.rvm/gems/ruby-2.3.0/bin/ruby_executable_hooks:15:in `<main>'
E, [2017-01-01T19:48:37.975017 #484] ERROR -- : app error: Missing `secret_key_base` for 'production' environment, set this value in `config/secrets.yml` (RuntimeError)
E, [2017-01-01T19:48:37.975108 #484] ERROR -- : /home/ubuntu/.rvm/gems/ruby-2.3.0/gems/railties-5.0.1/lib/rails/application.rb:513:in `validate_secret_key_config!'
E, [2017-01-01T19:48:37.975156 #484] ERROR -- : /home/ubuntu/.rvm/gems/ruby-2.3.0/gems/railties-5.0.1/lib/rails/application.rb:246:in `env_config'
E, [2017-01-01T19:48:37.975169 #484] ERROR -- : /home/ubuntu/.rvm/gems/ruby-2.3.0/gems/railties-5.0.1/lib/rails/engine.rb:693:in `build_request'
E, [2017-01-01T19:48:37.975180 #484] ERROR -- : /home/ubuntu/.rvm/gems/ruby-2.3.0/gems/railties-5.0.1/lib/rails/application.rb:521:in `build_request'
E, [2017-01-01T19:48:37.975189 #484] ERROR -- : /home/ubuntu/.rvm/gems/ruby-2.3.0/gems/railties-5.0.1/lib/rails/engine.rb:521:in `call'
E, [2017-01-01T19:48:37.975199 #484] ERROR -- : /home/ubuntu/.rvm/gems/ruby-2.3.0/gems/unicorn-5.2.0/lib/unicorn/http_server.rb:562:in `process_client'
E, [2017-01-01T19:48:37.975208 #484] ERROR -- : /home/ubuntu/.rvm/gems/ruby-2.3.0/gems/unicorn-5.2.0/lib/unicorn/http_server.rb:658:in `worker_loop'
E, [2017-01-01T19:48:37.975218 #484] ERROR -- : /home/ubuntu/.rvm/gems/ruby-2.3.0/gems/unicorn-5.2.0/lib/unicorn/http_server.rb:508:in `spawn_missing_workers'
E, [2017-01-01T19:48:37.975237 #484] ERROR -- : /home/ubuntu/.rvm/gems/ruby-2.3.0/gems/unicorn-5.2.0/lib/unicorn/http_server.rb:132:in `start'
E, [2017-01-01T19:48:37.975247 #484] ERROR -- : /home/ubuntu/.rvm/gems/ruby-2.3.0/gems/unicorn-5.2.0/bin/unicorn:126:in `<top (required)>'
E, [2017-01-01T19:48:37.975257 #484] ERROR -- : /home/ubuntu/.rvm/gems/ruby-2.3.0/bin/unicorn:23:in `load'
E, [2017-01-01T19:48:37.975266 #484] ERROR -- : /home/ubuntu/.rvm/gems/ruby-2.3.0/bin/unicorn:23:in `<main>'
E, [2017-01-01T19:48:37.975276 #484] ERROR -- : /home/ubuntu/.rvm/gems/ruby-2.3.0/bin/ruby_executable_hooks:15:in `eval'
E, [2017-01-01T19:48:37.975332 #484] ERROR -- : /home/ubuntu/.rvm/gems/ruby-2.3.0/bin/ruby_executable_hooks:15:in `<main>'
E, [2017-01-01T20:09:15.447214 #484] ERROR -- : app error: Missing `secret_key_base` for 'production' environment, set this value in `config/secrets.yml` (RuntimeError)
E, [2017-01-01T20:09:15.447341 #484] ERROR -- : /home/ubuntu/.rvm/gems/ruby-2.3.0/gems/railties-5.0.1/lib/rails/application.rb:513:in `validate_secret_key_config!'
E, [2017-01-01T20:09:15.447414 #484] ERROR -- : /home/ubuntu/.rvm/gems/ruby-2.3.0/gems/railties-5.0.1/lib/rails/application.rb:246:in `env_config'
E, [2017-01-01T20:09:15.447426 #484] ERROR -- : /home/ubuntu/.rvm/gems/ruby-2.3.0/gems/railties-5.0.1/lib/rails/engine.rb:693:in `build_request'
E, [2017-01-01T20:09:15.447436 #484] ERROR -- : /home/ubuntu/.rvm/gems/ruby-2.3.0/gems/railties-5.0.1/lib/rails/application.rb:521:in `build_request'
E, [2017-01-01T20:09:15.447446 #484] ERROR -- : /home/ubuntu/.rvm/gems/ruby-2.3.0/gems/railties-5.0.1/lib/rails/engine.rb:521:in `call'
E, [2017-01-01T20:09:15.447464 #484] ERROR -- : /home/ubuntu/.rvm/gems/ruby-2.3.0/gems/unicorn-5.2.0/lib/unicorn/http_server.rb:562:in `process_client'
E, [2017-01-01T20:09:15.447476 #484] ERROR -- : /home/ubuntu/.rvm/gems/ruby-2.3.0/gems/unicorn-5.2.0/lib/unicorn/http_server.rb:658:in `worker_loop'
E, [2017-01-01T20:09:15.447486 #484] ERROR -- : /home/ubuntu/.rvm/gems/ruby-2.3.0/gems/unicorn-5.2.0/lib/unicorn/http_server.rb:508:in `spawn_missing_workers'
E, [2017-01-01T20:09:15.447495 #484] ERROR -- : /home/ubuntu/.rvm/gems/ruby-2.3.0/gems/unicorn-5.2.0/lib/unicorn/http_server.rb:132:in `start'
E, [2017-01-01T20:09:15.447504 #484] ERROR -- : /home/ubuntu/.rvm/gems/ruby-2.3.0/gems/unicorn-5.2.0/bin/unicorn:126:in `<top (required)>'
E, [2017-01-01T20:09:15.447514 #484] ERROR -- : /home/ubuntu/.rvm/gems/ruby-2.3.0/bin/unicorn:23:in `load'
E, [2017-01-01T20:09:15.447573 #484] ERROR -- : /home/ubuntu/.rvm/gems/ruby-2.3.0/bin/unicorn:23:in `<main>'
E, [2017-01-01T20:09:15.447583 #484] ERROR -- : /home/ubuntu/.rvm/gems/ruby-2.3.0/bin/ruby_executable_hooks:15:in `eval'
E, [2017-01-01T20:09:15.447593 #484] ERROR -- : /home/ubuntu/.rvm/gems/ruby-2.3.0/bin/ruby_executable_hooks:15:in `<main>'
E, [2017-01-01T20:34:31.366134 #484] ERROR -- : app error: Missing `secret_key_base` for 'production' environment, set this value in `config/secrets.yml` (RuntimeError)
E, [2017-01-01T20:34:31.366286 #484] ERROR -- : /home/ubuntu/.rvm/gems/ruby-2.3.0/gems/railties-5.0.1/lib/rails/application.rb:513:in `validate_secret_key_config!'
E, [2017-01-01T20:34:31.366309 #484] ERROR -- : /home/ubuntu/.rvm/gems/ruby-2.3.0/gems/railties-5.0.1/lib/rails/application.rb:246:in `env_config'
E, [2017-01-01T20:34:31.366320 #484] ERROR -- : /home/ubuntu/.rvm/gems/ruby-2.3.0/gems/railties-5.0.1/lib/rails/engine.rb:693:in `build_request'
E, [2017-01-01T20:34:31.366401 #484] ERROR -- : /home/ubuntu/.rvm/gems/ruby-2.3.0/gems/railties-5.0.1/lib/rails/application.rb:521:in `build_request'
E, [2017-01-01T20:34:31.366415 #484] ERROR -- : /home/ubuntu/.rvm/gems/ruby-2.3.0/gems/railties-5.0.1/lib/rails/engine.rb:521:in `call'
E, [2017-01-01T20:34:31.366425 #484] ERROR -- : /home/ubuntu/.rvm/gems/ruby-2.3.0/gems/unicorn-5.2.0/lib/unicorn/http_server.rb:562:in `process_client'
E, [2017-01-01T20:34:31.366434 #484] ERROR -- : /home/ubuntu/.rvm/gems/ruby-2.3.0/gems/unicorn-5.2.0/lib/unicorn/http_server.rb:658:in `worker_loop'
E, [2017-01-01T20:34:31.366444 #484] ERROR -- : /home/ubuntu/.rvm/gems/ruby-2.3.0/gems/unicorn-5.2.0/lib/unicorn/http_server.rb:508:in `spawn_missing_workers'
E, [2017-01-01T20:34:31.366492 #484] ERROR -- : /home/ubuntu/.rvm/gems/ruby-2.3.0/gems/unicorn-5.2.0/lib/unicorn/http_server.rb:132:in `start'
E, [2017-01-01T20:34:31.366504 #484] ERROR -- : /home/ubuntu/.rvm/gems/ruby-2.3.0/gems/unicorn-5.2.0/bin/unicorn:126:in `<top (required)>'
E, [2017-01-01T20:34:31.366513 #484] ERROR -- : /home/ubuntu/.rvm/gems/ruby-2.3.0/bin/unicorn:23:in `load'
E, [2017-01-01T20:34:31.366566 #484] ERROR -- : /home/ubuntu/.rvm/gems/ruby-2.3.0/bin/unicorn:23:in `<main>'
E, [2017-01-01T20:34:31.366578 #484] ERROR -- : /home/ubuntu/.rvm/gems/ruby-2.3.0/bin/ruby_executable_hooks:15:in `eval'
E, [2017-01-01T20:34:31.366623 #484] ERROR -- : /home/ubuntu/.rvm/gems/ruby-2.3.0/bin/ruby_executable_hooks:15:in `<main>'
E, [2017-01-01T22:51:04.352009 #486] ERROR -- : app error: Missing `secret_key_base` for 'production' environment, set this value in `config/secrets.yml` (RuntimeError)
E, [2017-01-01T22:51:04.352126 #486] ERROR -- : /home/ubuntu/.rvm/gems/ruby-2.3.0/gems/railties-5.0.1/lib/rails/application.rb:513:in `validate_secret_key_config!'
E, [2017-01-01T22:51:04.352150 #486] ERROR -- : /home/ubuntu/.rvm/gems/ruby-2.3.0/gems/railties-5.0.1/lib/rails/application.rb:246:in `env_config'
E, [2017-01-01T22:51:04.352179 #486] ERROR -- : /home/ubuntu/.rvm/gems/ruby-2.3.0/gems/railties-5.0.1/lib/rails/engine.rb:693:in `build_request'
E, [2017-01-01T22:51:04.352200 #486] ERROR -- : /home/ubuntu/.rvm/gems/ruby-2.3.0/gems/railties-5.0.1/lib/rails/application.rb:521:in `build_request'
E, [2017-01-01T22:51:04.352211 #486] ERROR -- : /home/ubuntu/.rvm/gems/ruby-2.3.0/gems/railties-5.0.1/lib/rails/engine.rb:521:in `call'
E, [2017-01-01T22:51:04.352221 #486] ERROR -- : /home/ubuntu/.rvm/gems/ruby-2.3.0/gems/unicorn-5.2.0/lib/unicorn/http_server.rb:562:in `process_client'
E, [2017-01-01T22:51:04.352231 #486] ERROR -- : /home/ubuntu/.rvm/gems/ruby-2.3.0/gems/unicorn-5.2.0/lib/unicorn/http_server.rb:658:in `worker_loop'
E, [2017-01-01T22:51:04.352256 #486] ERROR -- : /home/ubuntu/.rvm/gems/ruby-2.3.0/gems/unicorn-5.2.0/lib/unicorn/http_server.rb:508:in `spawn_missing_workers'
E, [2017-01-01T22:51:04.352266 #486] ERROR -- : /home/ubuntu/.rvm/gems/ruby-2.3.0/gems/unicorn-5.2.0/lib/unicorn/http_server.rb:132:in `start'
E, [2017-01-01T22:51:04.352282 #486] ERROR -- : /home/ubuntu/.rvm/gems/ruby-2.3.0/gems/unicorn-5.2.0/bin/unicorn:126:in `<top (required)>'
E, [2017-01-01T22:51:04.352304 #486] ERROR -- : /home/ubuntu/.rvm/gems/ruby-2.3.0/bin/unicorn:23:in `load'
E, [2017-01-01T22:51:04.352323 #486] ERROR -- : /home/ubuntu/.rvm/gems/ruby-2.3.0/bin/unicorn:23:in `<main>'
E, [2017-01-01T22:51:04.352336 #486] ERROR -- : /home/ubuntu/.rvm/gems/ruby-2.3.0/bin/ruby_executable_hooks:15:in `eval'
E, [2017-01-01T22:51:04.352346 #486] ERROR -- : /home/ubuntu/.rvm/gems/ruby-2.3.0/bin/ruby_executable_hooks:15:in `<main>'
E, [2017-01-02T01:02:10.727721 #484] ERROR -- : app error: Missing `secret_key_base` for 'production' environment, set this value in `config/secrets.yml` (RuntimeError)
E, [2017-01-02T01:02:10.727823 #484] ERROR -- : /home/ubuntu/.rvm/gems/ruby-2.3.0/gems/railties-5.0.1/lib/rails/application.rb:513:in `validate_secret_key_config!'
E, [2017-01-02T01:02:10.727842 #484] ERROR -- : /home/ubuntu/.rvm/gems/ruby-2.3.0/gems/railties-5.0.1/lib/rails/application.rb:246:in `env_config'
E, [2017-01-02T01:02:10.727865 #484] ERROR -- : /home/ubuntu/.rvm/gems/ruby-2.3.0/gems/railties-5.0.1/lib/rails/engine.rb:693:in `build_request'
E, [2017-01-02T01:02:10.727875 #484] ERROR -- : /home/ubuntu/.rvm/gems/ruby-2.3.0/gems/railties-5.0.1/lib/rails/application.rb:521:in `build_request'
E, [2017-01-02T01:02:10.727884 #484] ERROR -- : /home/ubuntu/.rvm/gems/ruby-2.3.0/gems/railties-5.0.1/lib/rails/engine.rb:521:in `call'
E, [2017-01-02T01:02:10.727894 #484] ERROR -- : /home/ubuntu/.rvm/gems/ruby-2.3.0/gems/unicorn-5.2.0/lib/unicorn/http_server.rb:562:in `process_client'
E, [2017-01-02T01:02:10.727902 #484] ERROR -- : /home/ubuntu/.rvm/gems/ruby-2.3.0/gems/unicorn-5.2.0/lib/unicorn/http_server.rb:658:in `worker_loop'
E, [2017-01-02T01:02:10.727911 #484] ERROR -- : /home/ubuntu/.rvm/gems/ruby-2.3.0/gems/unicorn-5.2.0/lib/unicorn/http_server.rb:508:in `spawn_missing_workers'
E, [2017-01-02T01:02:10.727920 #484] ERROR -- : /home/ubuntu/.rvm/gems/ruby-2.3.0/gems/unicorn-5.2.0/lib/unicorn/http_server.rb:132:in `start'
E, [2017-01-02T01:02:10.727930 #484] ERROR -- : /home/ubuntu/.rvm/gems/ruby-2.3.0/gems/unicorn-5.2.0/bin/unicorn:126:in `<top (required)>'
E, [2017-01-02T01:02:10.727939 #484] ERROR -- : /home/ubuntu/.rvm/gems/ruby-2.3.0/bin/unicorn:23:in `load'
E, [2017-01-02T01:02:10.727947 #484] ERROR -- : /home/ubuntu/.rvm/gems/ruby-2.3.0/bin/unicorn:23:in `<main>'
E, [2017-01-02T01:02:10.727956 #484] ERROR -- : /home/ubuntu/.rvm/gems/ruby-2.3.0/bin/ruby_executable_hooks:15:in `eval'
E, [2017-01-02T01:02:10.727965 #484] ERROR -- : /home/ubuntu/.rvm/gems/ruby-2.3.0/bin/ruby_executable_hooks:15:in `<main>'
E, [2017-01-02T03:09:23.489114 #484] ERROR -- : app error: Missing `secret_key_base` for 'production' environment, set this value in `config/secrets.yml` (RuntimeError)
E, [2017-01-02T03:09:23.489202 #484] ERROR -- : /home/ubuntu/.rvm/gems/ruby-2.3.0/gems/railties-5.0.1/lib/rails/application.rb:513:in `validate_secret_key_config!'
E, [2017-01-02T03:09:23.489219 #484] ERROR -- : /home/ubuntu/.rvm/gems/ruby-2.3.0/gems/railties-5.0.1/lib/rails/application.rb:246:in `env_config'
E, [2017-01-02T03:09:23.489229 #484] ERROR -- : /home/ubuntu/.rvm/gems/ruby-2.3.0/gems/railties-5.0.1/lib/rails/engine.rb:693:in `build_request'
E, [2017-01-02T03:09:23.489239 #484] ERROR -- : /home/ubuntu/.rvm/gems/ruby-2.3.0/gems/railties-5.0.1/lib/rails/application.rb:521:in `build_request'
E, [2017-01-02T03:09:23.489248 #484] ERROR -- : /home/ubuntu/.rvm/gems/ruby-2.3.0/gems/railties-5.0.1/lib/rails/engine.rb:521:in `call'
E, [2017-01-02T03:09:23.489257 #484] ERROR -- : /home/ubuntu/.rvm/gems/ruby-2.3.0/gems/unicorn-5.2.0/lib/unicorn/http_server.rb:562:in `process_client'
E, [2017-01-02T03:09:23.489266 #484] ERROR -- : /home/ubuntu/.rvm/gems/ruby-2.3.0/gems/unicorn-5.2.0/lib/unicorn/http_server.rb:658:in `worker_loop'
E, [2017-01-02T03:09:23.489275 #484] ERROR -- : /home/ubuntu/.rvm/gems/ruby-2.3.0/gems/unicorn-5.2.0/lib/unicorn/http_server.rb:508:in `spawn_missing_workers'
E, [2017-01-02T03:09:23.489284 #484] ERROR -- : /home/ubuntu/.rvm/gems/ruby-2.3.0/gems/unicorn-5.2.0/lib/unicorn/http_server.rb:132:in `start'
E, [2017-01-02T03:09:23.489293 #484] ERROR -- : /home/ubuntu/.rvm/gems/ruby-2.3.0/gems/unicorn-5.2.0/bin/unicorn:126:in `<top (required)>'
E, [2017-01-02T03:09:23.489302 #484] ERROR -- : /home/ubuntu/.rvm/gems/ruby-2.3.0/bin/unicorn:23:in `load'
E, [2017-01-02T03:09:23.489311 #484] ERROR -- : /home/ubuntu/.rvm/gems/ruby-2.3.0/bin/unicorn:23:in `<main>'
E, [2017-01-02T03:09:23.489319 #484] ERROR -- : /home/ubuntu/.rvm/gems/ruby-2.3.0/bin/ruby_executable_hooks:15:in `eval'
E, [2017-01-02T03:09:23.489328 #484] ERROR -- : /home/ubuntu/.rvm/gems/ruby-2.3.0/bin/ruby_executable_hooks:15:in `<main>'
E, [2017-01-02T04:55:29.849214 #484] ERROR -- : app error: Missing `secret_key_base` for 'production' environment, set this value in `config/secrets.yml` (RuntimeError)
E, [2017-01-02T04:55:29.849296 #484] ERROR -- : /home/ubuntu/.rvm/gems/ruby-2.3.0/gems/railties-5.0.1/lib/rails/application.rb:513:in `validate_secret_key_config!'
E, [2017-01-02T04:55:29.849314 #484] ERROR -- : /home/ubuntu/.rvm/gems/ruby-2.3.0/gems/railties-5.0.1/lib/rails/application.rb:246:in `env_config'
E, [2017-01-02T04:55:29.849326 #484] ERROR -- : /home/ubuntu/.rvm/gems/ruby-2.3.0/gems/railties-5.0.1/lib/rails/engine.rb:693:in `build_request'
E, [2017-01-02T04:55:29.849337 #484] ERROR -- : /home/ubuntu/.rvm/gems/ruby-2.3.0/gems/railties-5.0.1/lib/rails/application.rb:521:in `build_request'
E, [2017-01-02T04:55:29.849348 #484] ERROR -- : /home/ubuntu/.rvm/gems/ruby-2.3.0/gems/railties-5.0.1/lib/rails/engine.rb:521:in `call'
E, [2017-01-02T04:55:29.849358 #484] ERROR -- : /home/ubuntu/.rvm/gems/ruby-2.3.0/gems/unicorn-5.2.0/lib/unicorn/http_server.rb:562:in `process_client'
E, [2017-01-02T04:55:29.849368 #484] ERROR -- : /home/ubuntu/.rvm/gems/ruby-2.3.0/gems/unicorn-5.2.0/lib/unicorn/http_server.rb:658:in `worker_loop'
E, [2017-01-02T04:55:29.849377 #484] ERROR -- : /home/ubuntu/.rvm/gems/ruby-2.3.0/gems/unicorn-5.2.0/lib/unicorn/http_server.rb:508:in `spawn_missing_workers'
E, [2017-01-02T04:55:29.849393 #484] ERROR -- : /home/ubuntu/.rvm/gems/ruby-2.3.0/gems/unicorn-5.2.0/lib/unicorn/http_server.rb:132:in `start'
E, [2017-01-02T04:55:29.849403 #484] ERROR -- : /home/ubuntu/.rvm/gems/ruby-2.3.0/gems/unicorn-5.2.0/bin/unicorn:126:in `<top (required)>'
E, [2017-01-02T04:55:29.849524 #484] ERROR -- : /home/ubuntu/.rvm/gems/ruby-2.3.0/bin/unicorn:23:in `load'
E, [2017-01-02T04:55:29.849537 #484] ERROR -- : /home/ubuntu/.rvm/gems/ruby-2.3.0/bin/unicorn:23:in `<main>'
E, [2017-01-02T04:55:29.849546 #484] ERROR -- : /home/ubuntu/.rvm/gems/ruby-2.3.0/bin/ruby_executable_hooks:15:in `eval'
E, [2017-01-02T04:55:29.849555 #484] ERROR -- : /home/ubuntu/.rvm/gems/ruby-2.3.0/bin/ruby_executable_hooks:15:in `<main>'
E, [2017-01-02T04:55:30.021062 #486] ERROR -- : app error: Missing `secret_key_base` for 'production' environment, set this value in `config/secrets.yml` (RuntimeError)
E, [2017-01-02T04:55:30.021147 #486] ERROR -- : /home/ubuntu/.rvm/gems/ruby-2.3.0/gems/railties-5.0.1/lib/rails/application.rb:513:in `validate_secret_key_config!'
E, [2017-01-02T04:55:30.021177 #486] ERROR -- : /home/ubuntu/.rvm/gems/ruby-2.3.0/gems/railties-5.0.1/lib/rails/application.rb:246:in `env_config'
E, [2017-01-02T04:55:30.021210 #486] ERROR -- : /home/ubuntu/.rvm/gems/ruby-2.3.0/gems/railties-5.0.1/lib/rails/engine.rb:693:in `build_request'
E, [2017-01-02T04:55:30.021220 #486] ERROR -- : /home/ubuntu/.rvm/gems/ruby-2.3.0/gems/railties-5.0.1/lib/rails/application.rb:521:in `build_request'
E, [2017-01-02T04:55:30.021230 #486] ERROR -- : /home/ubuntu/.rvm/gems/ruby-2.3.0/gems/railties-5.0.1/lib/rails/engine.rb:521:in `call'
E, [2017-01-02T04:55:30.021240 #486] ERROR -- : /home/ubuntu/.rvm/gems/ruby-2.3.0/gems/unicorn-5.2.0/lib/unicorn/http_server.rb:562:in `process_client'
E, [2017-01-02T04:55:30.021250 #486] ERROR -- : /home/ubuntu/.rvm/gems/ruby-2.3.0/gems/unicorn-5.2.0/lib/unicorn/http_server.rb:658:in `worker_loop'
E, [2017-01-02T04:55:30.021259 #486] ERROR -- : /home/ubuntu/.rvm/gems/ruby-2.3.0/gems/unicorn-5.2.0/lib/unicorn/http_server.rb:508:in `spawn_missing_workers'
E, [2017-01-02T04:55:30.021269 #486] ERROR -- : /home/ubuntu/.rvm/gems/ruby-2.3.0/gems/unicorn-5.2.0/lib/unicorn/http_server.rb:132:in `start'
E, [2017-01-02T04:55:30.021278 #486] ERROR -- : /home/ubuntu/.rvm/gems/ruby-2.3.0/gems/unicorn-5.2.0/bin/unicorn:126:in `<top (required)>'
E, [2017-01-02T04:55:30.021288 #486] ERROR -- : /home/ubuntu/.rvm/gems/ruby-2.3.0/bin/unicorn:23:in `load'
E, [2017-01-02T04:55:30.021299 #486] ERROR -- : /home/ubuntu/.rvm/gems/ruby-2.3.0/bin/unicorn:23:in `<main>'
E, [2017-01-02T04:55:30.021321 #486] ERROR -- : /home/ubuntu/.rvm/gems/ruby-2.3.0/bin/ruby_executable_hooks:15:in `eval'
E, [2017-01-02T04:55:30.021332 #486] ERROR -- : /home/ubuntu/.rvm/gems/ruby-2.3.0/bin/ruby_executable_hooks:15:in `<main>'
E, [2017-01-02T04:55:30.465614 #484] ERROR -- : app error: Missing `secret_key_base` for 'production' environment, set this value in `config/secrets.yml` (RuntimeError)
E, [2017-01-02T04:55:30.465708 #484] ERROR -- : /home/ubuntu/.rvm/gems/ruby-2.3.0/gems/railties-5.0.1/lib/rails/application.rb:513:in `validate_secret_key_config!'
E, [2017-01-02T04:55:30.465725 #484] ERROR -- : /home/ubuntu/.rvm/gems/ruby-2.3.0/gems/railties-5.0.1/lib/rails/application.rb:246:in `env_config'
E, [2017-01-02T04:55:30.465737 #484] ERROR -- : /home/ubuntu/.rvm/gems/ruby-2.3.0/gems/railties-5.0.1/lib/rails/engine.rb:693:in `build_request'
E, [2017-01-02T04:55:30.465748 #484] ERROR -- : /home/ubuntu/.rvm/gems/ruby-2.3.0/gems/railties-5.0.1/lib/rails/application.rb:521:in `build_request'
E, [2017-01-02T04:55:30.465758 #484] ERROR -- : /home/ubuntu/.rvm/gems/ruby-2.3.0/gems/railties-5.0.1/lib/rails/engine.rb:521:in `call'
E, [2017-01-02T04:55:30.465769 #484] ERROR -- : /home/ubuntu/.rvm/gems/ruby-2.3.0/gems/unicorn-5.2.0/lib/unicorn/http_server.rb:562:in `process_client'
E, [2017-01-02T04:55:30.465779 #484] ERROR -- : /home/ubuntu/.rvm/gems/ruby-2.3.0/gems/unicorn-5.2.0/lib/unicorn/http_server.rb:658:in `worker_loop'
E, [2017-01-02T04:55:30.465789 #484] ERROR -- : /home/ubuntu/.rvm/gems/ruby-2.3.0/gems/unicorn-5.2.0/lib/unicorn/http_server.rb:508:in `spawn_missing_workers'
E, [2017-01-02T04:55:30.465799 #484] ERROR -- : /home/ubuntu/.rvm/gems/ruby-2.3.0/gems/unicorn-5.2.0/lib/unicorn/http_server.rb:132:in `start'
E, [2017-01-02T04:55:30.465809 #484] ERROR -- : /home/ubuntu/.rvm/gems/ruby-2.3.0/gems/unicorn-5.2.0/bin/unicorn:126:in `<top (required)>'
E, [2017-01-02T04:55:30.465819 #484] ERROR -- : /home/ubuntu/.rvm/gems/ruby-2.3.0/bin/unicorn:23:in `load'
E, [2017-01-02T04:55:30.465907 #484] ERROR -- : /home/ubuntu/.rvm/gems/ruby-2.3.0/bin/unicorn:23:in `<main>'
E, [2017-01-02T04:55:30.465917 #484] ERROR -- : /home/ubuntu/.rvm/gems/ruby-2.3.0/bin/ruby_executable_hooks:15:in `eval'
E, [2017-01-02T04:55:30.465955 #484] ERROR -- : /home/ubuntu/.rvm/gems/ruby-2.3.0/bin/ruby_executable_hooks:15:in `<main>'
E, [2017-01-02T04:55:36.418551 #486] ERROR -- : app error: Missing `secret_key_base` for 'production' environment, set this value in `config/secrets.yml` (RuntimeError)
E, [2017-01-02T04:55:36.418639 #486] ERROR -- : /home/ubuntu/.rvm/gems/ruby-2.3.0/gems/railties-5.0.1/lib/rails/application.rb:513:in `validate_secret_key_config!'
E, [2017-01-02T04:55:36.418741 #486] ERROR -- : /home/ubuntu/.rvm/gems/ruby-2.3.0/gems/railties-5.0.1/lib/rails/application.rb:246:in `env_config'
E, [2017-01-02T04:55:36.418758 #486] ERROR -- : /home/ubuntu/.rvm/gems/ruby-2.3.0/gems/railties-5.0.1/lib/rails/engine.rb:693:in `build_request'
E, [2017-01-02T04:55:36.418768 #486] ERROR -- : /home/ubuntu/.rvm/gems/ruby-2.3.0/gems/railties-5.0.1/lib/rails/application.rb:521:in `build_request'
E, [2017-01-02T04:55:36.418789 #486] ERROR -- : /home/ubuntu/.rvm/gems/ruby-2.3.0/gems/railties-5.0.1/lib/rails/engine.rb:521:in `call'
E, [2017-01-02T04:55:36.418799 #486] ERROR -- : /home/ubuntu/.rvm/gems/ruby-2.3.0/gems/unicorn-5.2.0/lib/unicorn/http_server.rb:562:in `process_client'
E, [2017-01-02T04:55:36.418808 #486] ERROR -- : /home/ubuntu/.rvm/gems/ruby-2.3.0/gems/unicorn-5.2.0/lib/unicorn/http_server.rb:658:in `worker_loop'
E, [2017-01-02T04:55:36.418818 #486] ERROR -- : /home/ubuntu/.rvm/gems/ruby-2.3.0/gems/unicorn-5.2.0/lib/unicorn/http_server.rb:508:in `spawn_missing_workers'
E, [2017-01-02T04:55:36.418827 #486] ERROR -- : /home/ubuntu/.rvm/gems/ruby-2.3.0/gems/unicorn-5.2.0/lib/unicorn/http_server.rb:132:in `start'
E, [2017-01-02T04:55:36.418837 #486] ERROR -- : /home/ubuntu/.rvm/gems/ruby-2.3.0/gems/unicorn-5.2.0/bin/unicorn:126:in `<top (required)>'
E, [2017-01-02T04:55:36.418847 #486] ERROR -- : /home/ubuntu/.rvm/gems/ruby-2.3.0/bin/unicorn:23:in `load'
E, [2017-01-02T04:55:36.418869 #486] ERROR -- : /home/ubuntu/.rvm/gems/ruby-2.3.0/bin/unicorn:23:in `<main>'
E, [2017-01-02T04:55:36.418880 #486] ERROR -- : /home/ubuntu/.rvm/gems/ruby-2.3.0/bin/ruby_executable_hooks:15:in `eval'
E, [2017-01-02T04:55:36.418890 #486] ERROR -- : /home/ubuntu/.rvm/gems/ruby-2.3.0/bin/ruby_executable_hooks:15:in `<main>'
E, [2017-01-02T05:16:11.759844 #484] ERROR -- : app error: Missing `secret_key_base` for 'production' environment, set this value in `config/secrets.yml` (RuntimeError)
E, [2017-01-02T05:16:11.760017 #484] ERROR -- : /home/ubuntu/.rvm/gems/ruby-2.3.0/gems/railties-5.0.1/lib/rails/application.rb:513:in `validate_secret_key_config!'
E, [2017-01-02T05:16:11.760041 #484] ERROR -- : /home/ubuntu/.rvm/gems/ruby-2.3.0/gems/railties-5.0.1/lib/rails/application.rb:246:in `env_config'
E, [2017-01-02T05:16:11.760053 #484] ERROR -- : /home/ubuntu/.rvm/gems/ruby-2.3.0/gems/railties-5.0.1/lib/rails/engine.rb:693:in `build_request'
E, [2017-01-02T05:16:11.760070 #484] ERROR -- : /home/ubuntu/.rvm/gems/ruby-2.3.0/gems/railties-5.0.1/lib/rails/application.rb:521:in `build_request'
E, [2017-01-02T05:16:11.760087 #484] ERROR -- : /home/ubuntu/.rvm/gems/ruby-2.3.0/gems/railties-5.0.1/lib/rails/engine.rb:521:in `call'
E, [2017-01-02T05:16:11.760097 #484] ERROR -- : /home/ubuntu/.rvm/gems/ruby-2.3.0/gems/unicorn-5.2.0/lib/unicorn/http_server.rb:562:in `process_client'
E, [2017-01-02T05:16:11.760106 #484] ERROR -- : /home/ubuntu/.rvm/gems/ruby-2.3.0/gems/unicorn-5.2.0/lib/unicorn/http_server.rb:658:in `worker_loop'
E, [2017-01-02T05:16:11.760116 #484] ERROR -- : /home/ubuntu/.rvm/gems/ruby-2.3.0/gems/unicorn-5.2.0/lib/unicorn/http_server.rb:508:in `spawn_missing_workers'
E, [2017-01-02T05:16:11.760126 #484] ERROR -- : /home/ubuntu/.rvm/gems/ruby-2.3.0/gems/unicorn-5.2.0/lib/unicorn/http_server.rb:132:in `start'
E, [2017-01-02T05:16:11.760135 #484] ERROR -- : /home/ubuntu/.rvm/gems/ruby-2.3.0/gems/unicorn-5.2.0/bin/unicorn:126:in `<top (required)>'
E, [2017-01-02T05:16:11.760157 #484] ERROR -- : /home/ubuntu/.rvm/gems/ruby-2.3.0/bin/unicorn:23:in `load'
E, [2017-01-02T05:16:11.760174 #484] ERROR -- : /home/ubuntu/.rvm/gems/ruby-2.3.0/bin/unicorn:23:in `<main>'
E, [2017-01-02T05:16:11.760183 #484] ERROR -- : /home/ubuntu/.rvm/gems/ruby-2.3.0/bin/ruby_executable_hooks:15:in `eval'
E, [2017-01-02T05:16:11.760193 #484] ERROR -- : /home/ubuntu/.rvm/gems/ruby-2.3.0/bin/ruby_executable_hooks:15:in `<main>'
E, [2017-01-02T05:20:48.586605 #486] ERROR -- : app error: Missing `secret_key_base` for 'production' environment, set this value in `config/secrets.yml` (RuntimeError)
E, [2017-01-02T05:20:48.586778 #486] ERROR -- : /home/ubuntu/.rvm/gems/ruby-2.3.0/gems/railties-5.0.1/lib/rails/application.rb:513:in `validate_secret_key_config!'
E, [2017-01-02T05:20:48.586804 #486] ERROR -- : /home/ubuntu/.rvm/gems/ruby-2.3.0/gems/railties-5.0.1/lib/rails/application.rb:246:in `env_config'
E, [2017-01-02T05:20:48.586820 #486] ERROR -- : /home/ubuntu/.rvm/gems/ruby-2.3.0/gems/railties-5.0.1/lib/rails/engine.rb:693:in `build_request'
E, [2017-01-02T05:20:48.586831 #486] ERROR -- : /home/ubuntu/.rvm/gems/ruby-2.3.0/gems/railties-5.0.1/lib/rails/application.rb:521:in `build_request'
E, [2017-01-02T05:20:48.586841 #486] ERROR -- : /home/ubuntu/.rvm/gems/ruby-2.3.0/gems/railties-5.0.1/lib/rails/engine.rb:521:in `call'
E, [2017-01-02T05:20:48.586851 #486] ERROR -- : /home/ubuntu/.rvm/gems/ruby-2.3.0/gems/unicorn-5.2.0/lib/unicorn/http_server.rb:562:in `process_client'
E, [2017-01-02T05:20:48.586861 #486] ERROR -- : /home/ubuntu/.rvm/gems/ruby-2.3.0/gems/unicorn-5.2.0/lib/unicorn/http_server.rb:658:in `worker_loop'
E, [2017-01-02T05:20:48.586871 #486] ERROR -- : /home/ubuntu/.rvm/gems/ruby-2.3.0/gems/unicorn-5.2.0/lib/unicorn/http_server.rb:508:in `spawn_missing_workers'
E, [2017-01-02T05:20:48.586880 #486] ERROR -- : /home/ubuntu/.rvm/gems/ruby-2.3.0/gems/unicorn-5.2.0/lib/unicorn/http_server.rb:132:in `start'
E, [2017-01-02T05:20:48.586891 #486] ERROR -- : /home/ubuntu/.rvm/gems/ruby-2.3.0/gems/unicorn-5.2.0/bin/unicorn:126:in `<top (required)>'
E, [2017-01-02T05:20:48.586913 #486] ERROR -- : /home/ubuntu/.rvm/gems/ruby-2.3.0/bin/unicorn:23:in `load'
E, [2017-01-02T05:20:48.586924 #486] ERROR -- : /home/ubuntu/.rvm/gems/ruby-2.3.0/bin/unicorn:23:in `<main>'
E, [2017-01-02T05:20:48.586933 #486] ERROR -- : /home/ubuntu/.rvm/gems/ruby-2.3.0/bin/ruby_executable_hooks:15:in `eval'
E, [2017-01-02T05:20:48.586942 #486] ERROR -- : /home/ubuntu/.rvm/gems/ruby-2.3.0/bin/ruby_executable_hooks:15:in `<main>'
/home/ubuntu/.rvm/gems/ruby-2.3.0/gems/unicorn-5.2.0/lib/unicorn/http_server.rb:195:in `pid=': Already running on PID:481 (or pid=/home/ubuntu/spree_app/shared/pids/unicorn.pid is stale) (ArgumentError)
	from /home/ubuntu/.rvm/gems/ruby-2.3.0/gems/unicorn-5.2.0/lib/unicorn/http_server.rb:127:in `start'
	from /home/ubuntu/.rvm/gems/ruby-2.3.0/gems/unicorn-5.2.0/bin/unicorn:126:in `<top (required)>'
	from /home/ubuntu/.rvm/gems/ruby-2.3.0/bin/unicorn:23:in `load'
	from /home/ubuntu/.rvm/gems/ruby-2.3.0/bin/unicorn:23:in `<main>'
	from /home/ubuntu/.rvm/gems/ruby-2.3.0/bin/ruby_executable_hooks:15:in `eval'
	from /home/ubuntu/.rvm/gems/ruby-2.3.0/bin/ruby_executable_hooks:15:in `<main>'
/home/ubuntu/.rvm/gems/ruby-2.3.0/gems/unicorn-5.2.0/lib/unicorn/http_server.rb:195:in `pid=': Already running on PID:481 (or pid=/home/ubuntu/spree_app/shared/pids/unicorn.pid is stale) (ArgumentError)
	from /home/ubuntu/.rvm/gems/ruby-2.3.0/gems/unicorn-5.2.0/lib/unicorn/http_server.rb:127:in `start'
	from /home/ubuntu/.rvm/gems/ruby-2.3.0/gems/unicorn-5.2.0/bin/unicorn:126:in `<top (required)>'
	from /home/ubuntu/.rvm/gems/ruby-2.3.0/bin/unicorn:23:in `load'
	from /home/ubuntu/.rvm/gems/ruby-2.3.0/bin/unicorn:23:in `<main>'
	from /home/ubuntu/.rvm/gems/ruby-2.3.0/bin/ruby_executable_hooks:15:in `eval'
	from /home/ubuntu/.rvm/gems/ruby-2.3.0/bin/ruby_executable_hooks:15:in `<main>'
/home/ubuntu/.rvm/gems/ruby-2.3.0/gems/unicorn-5.2.0/lib/unicorn/http_server.rb:195:in `pid=': Already running on PID:481 (or pid=/home/ubuntu/spree_app/shared/pids/unicorn.pid is stale) (ArgumentError)
	from /home/ubuntu/.rvm/gems/ruby-2.3.0/gems/unicorn-5.2.0/lib/unicorn/http_server.rb:127:in `start'
	from /home/ubuntu/.rvm/gems/ruby-2.3.0/gems/unicorn-5.2.0/bin/unicorn:126:in `<top (required)>'
	from /home/ubuntu/.rvm/gems/ruby-2.3.0/bin/unicorn:23:in `load'
	from /home/ubuntu/.rvm/gems/ruby-2.3.0/bin/unicorn:23:in `<main>'
	from /home/ubuntu/.rvm/gems/ruby-2.3.0/bin/ruby_executable_hooks:15:in `eval'
	from /home/ubuntu/.rvm/gems/ruby-2.3.0/bin/ruby_executable_hooks:15:in `<main>'
/home/ubuntu/.rvm/gems/ruby-2.3.0/gems/unicorn-5.2.0/lib/unicorn/http_server.rb:195:in `pid=': Already running on PID:481 (or pid=/home/ubuntu/spree_app/shared/pids/unicorn.pid is stale) (ArgumentError)
	from /home/ubuntu/.rvm/gems/ruby-2.3.0/gems/unicorn-5.2.0/lib/unicorn/http_server.rb:127:in `start'
	from /home/ubuntu/.rvm/gems/ruby-2.3.0/gems/unicorn-5.2.0/bin/unicorn:126:in `<top (required)>'
	from /home/ubuntu/.rvm/gems/ruby-2.3.0/bin/unicorn:23:in `load'
	from /home/ubuntu/.rvm/gems/ruby-2.3.0/bin/unicorn:23:in `<main>'
	from /home/ubuntu/.rvm/gems/ruby-2.3.0/bin/ruby_executable_hooks:15:in `eval'
	from /home/ubuntu/.rvm/gems/ruby-2.3.0/bin/ruby_executable_hooks:15:in `<main>'
I, [2017-01-02T05:33:52.039966 #5367]  INFO -- : Refreshing Gem list
I, [2017-01-02T05:33:53.429358 #5367]  INFO -- : unlinking existing socket=/home/ubuntu/spree_app/shared/sockets/unicorn.sock
I, [2017-01-02T05:33:53.429595 #5367]  INFO -- : listening on addr=/home/ubuntu/spree_app/shared/sockets/unicorn.sock fd=8
I, [2017-01-02T05:33:53.429723 #5367]  INFO -- : worker=0 spawning...
I, [2017-01-02T05:33:53.430973 #5367]  INFO -- : worker=1 spawning...
I, [2017-01-02T05:33:53.431738 #5367]  INFO -- : master process ready
I, [2017-01-02T05:33:53.439352 #5370]  INFO -- : worker=0 spawned pid=5370
I, [2017-01-02T05:33:53.439585 #5370]  INFO -- : worker=0 ready
I, [2017-01-02T05:33:53.440443 #5372]  INFO -- : worker=1 spawned pid=5372
I, [2017-01-02T05:33:53.440598 #5372]  INFO -- : worker=1 ready
E, [2017-01-02T05:35:40.296056 #5370] ERROR -- : app error: Missing `secret_key_base` for 'production' environment, set this value in `config/secrets.yml` (RuntimeError)
E, [2017-01-02T05:35:40.296340 #5370] ERROR -- : /home/ubuntu/.rvm/gems/ruby-2.3.0/gems/railties-5.0.1/lib/rails/application.rb:513:in `validate_secret_key_config!'
E, [2017-01-02T05:35:40.296405 #5370] ERROR -- : /home/ubuntu/.rvm/gems/ruby-2.3.0/gems/railties-5.0.1/lib/rails/application.rb:246:in `env_config'
E, [2017-01-02T05:35:40.296451 #5370] ERROR -- : /home/ubuntu/.rvm/gems/ruby-2.3.0/gems/railties-5.0.1/lib/rails/engine.rb:693:in `build_request'
E, [2017-01-02T05:35:40.296493 #5370] ERROR -- : /home/ubuntu/.rvm/gems/ruby-2.3.0/gems/railties-5.0.1/lib/rails/application.rb:521:in `build_request'
E, [2017-01-02T05:35:40.296534 #5370] ERROR -- : /home/ubuntu/.rvm/gems/ruby-2.3.0/gems/railties-5.0.1/lib/rails/engine.rb:521:in `call'
E, [2017-01-02T05:35:40.296578 #5370] ERROR -- : /home/ubuntu/.rvm/gems/ruby-2.3.0/gems/unicorn-5.2.0/lib/unicorn/http_server.rb:562:in `process_client'
E, [2017-01-02T05:35:40.296621 #5370] ERROR -- : /home/ubuntu/.rvm/gems/ruby-2.3.0/gems/unicorn-5.2.0/lib/unicorn/http_server.rb:658:in `worker_loop'
E, [2017-01-02T05:35:40.296661 #5370] ERROR -- : /home/ubuntu/.rvm/gems/ruby-2.3.0/gems/unicorn-5.2.0/lib/unicorn/http_server.rb:508:in `spawn_missing_workers'
E, [2017-01-02T05:35:40.296701 #5370] ERROR -- : /home/ubuntu/.rvm/gems/ruby-2.3.0/gems/unicorn-5.2.0/lib/unicorn/http_server.rb:132:in `start'
E, [2017-01-02T05:35:40.296772 #5370] ERROR -- : /home/ubuntu/.rvm/gems/ruby-2.3.0/gems/unicorn-5.2.0/bin/unicorn:126:in `<top (required)>'
E, [2017-01-02T05:35:40.296889 #5370] ERROR -- : /home/ubuntu/.rvm/gems/ruby-2.3.0/bin/unicorn:23:in `load'
E, [2017-01-02T05:35:40.296936 #5370] ERROR -- : /home/ubuntu/.rvm/gems/ruby-2.3.0/bin/unicorn:23:in `<main>'
E, [2017-01-02T05:35:40.296975 #5370] ERROR -- : /home/ubuntu/.rvm/gems/ruby-2.3.0/bin/ruby_executable_hooks:15:in `eval'
E, [2017-01-02T05:35:40.297015 #5370] ERROR -- : /home/ubuntu/.rvm/gems/ruby-2.3.0/bin/ruby_executable_hooks:15:in `<main>'
E, [2017-01-02T05:53:23.354056 #5372] ERROR -- : app error: Missing `secret_key_base` for 'production' environment, set this value in `config/secrets.yml` (RuntimeError)
E, [2017-01-02T05:53:23.354258 #5372] ERROR -- : /home/ubuntu/.rvm/gems/ruby-2.3.0/gems/railties-5.0.1/lib/rails/application.rb:513:in `validate_secret_key_config!'
E, [2017-01-02T05:53:23.354385 #5372] ERROR -- : /home/ubuntu/.rvm/gems/ruby-2.3.0/gems/railties-5.0.1/lib/rails/application.rb:246:in `env_config'
E, [2017-01-02T05:53:23.354456 #5372] ERROR -- : /home/ubuntu/.rvm/gems/ruby-2.3.0/gems/railties-5.0.1/lib/rails/engine.rb:693:in `build_request'
E, [2017-01-02T05:53:23.354512 #5372] ERROR -- : /home/ubuntu/.rvm/gems/ruby-2.3.0/gems/railties-5.0.1/lib/rails/application.rb:521:in `build_request'
E, [2017-01-02T05:53:23.354572 #5372] ERROR -- : /home/ubuntu/.rvm/gems/ruby-2.3.0/gems/railties-5.0.1/lib/rails/engine.rb:521:in `call'
E, [2017-01-02T05:53:23.354630 #5372] ERROR -- : /home/ubuntu/.rvm/gems/ruby-2.3.0/gems/unicorn-5.2.0/lib/unicorn/http_server.rb:562:in `process_client'
E, [2017-01-02T05:53:23.354688 #5372] ERROR -- : /home/ubuntu/.rvm/gems/ruby-2.3.0/gems/unicorn-5.2.0/lib/unicorn/http_server.rb:658:in `worker_loop'
E, [2017-01-02T05:53:23.354746 #5372] ERROR -- : /home/ubuntu/.rvm/gems/ruby-2.3.0/gems/unicorn-5.2.0/lib/unicorn/http_server.rb:508:in `spawn_missing_workers'
E, [2017-01-02T05:53:23.354804 #5372] ERROR -- : /home/ubuntu/.rvm/gems/ruby-2.3.0/gems/unicorn-5.2.0/lib/unicorn/http_server.rb:132:in `start'
E, [2017-01-02T05:53:23.354866 #5372] ERROR -- : /home/ubuntu/.rvm/gems/ruby-2.3.0/gems/unicorn-5.2.0/bin/unicorn:126:in `<top (required)>'
E, [2017-01-02T05:53:23.354917 #5372] ERROR -- : /home/ubuntu/.rvm/gems/ruby-2.3.0/bin/unicorn:23:in `load'
E, [2017-01-02T05:53:23.354964 #5372] ERROR -- : /home/ubuntu/.rvm/gems/ruby-2.3.0/bin/unicorn:23:in `<main>'
E, [2017-01-02T05:53:23.355009 #5372] ERROR -- : /home/ubuntu/.rvm/gems/ruby-2.3.0/bin/ruby_executable_hooks:15:in `eval'
E, [2017-01-02T05:53:23.355106 #5372] ERROR -- : /home/ubuntu/.rvm/gems/ruby-2.3.0/bin/ruby_executable_hooks:15:in `<main>'
E, [2017-01-02T06:09:28.580338 #5372] ERROR -- : app error: Missing `secret_key_base` for 'production' environment, set this value in `config/secrets.yml` (RuntimeError)
E, [2017-01-02T06:09:28.580442 #5372] ERROR -- : /home/ubuntu/.rvm/gems/ruby-2.3.0/gems/railties-5.0.1/lib/rails/application.rb:513:in `validate_secret_key_config!'
E, [2017-01-02T06:09:28.580461 #5372] ERROR -- : /home/ubuntu/.rvm/gems/ruby-2.3.0/gems/railties-5.0.1/lib/rails/application.rb:246:in `env_config'
E, [2017-01-02T06:09:28.580473 #5372] ERROR -- : /home/ubuntu/.rvm/gems/ruby-2.3.0/gems/railties-5.0.1/lib/rails/engine.rb:693:in `build_request'
E, [2017-01-02T06:09:28.580483 #5372] ERROR -- : /home/ubuntu/.rvm/gems/ruby-2.3.0/gems/railties-5.0.1/lib/rails/application.rb:521:in `build_request'
E, [2017-01-02T06:09:28.580494 #5372] ERROR -- : /home/ubuntu/.rvm/gems/ruby-2.3.0/gems/railties-5.0.1/lib/rails/engine.rb:521:in `call'
E, [2017-01-02T06:09:28.580504 #5372] ERROR -- : /home/ubuntu/.rvm/gems/ruby-2.3.0/gems/unicorn-5.2.0/lib/unicorn/http_server.rb:562:in `process_client'
E, [2017-01-02T06:09:28.580550 #5372] ERROR -- : /home/ubuntu/.rvm/gems/ruby-2.3.0/gems/unicorn-5.2.0/lib/unicorn/http_server.rb:658:in `worker_loop'
E, [2017-01-02T06:09:28.580563 #5372] ERROR -- : /home/ubuntu/.rvm/gems/ruby-2.3.0/gems/unicorn-5.2.0/lib/unicorn/http_server.rb:508:in `spawn_missing_workers'
E, [2017-01-02T06:09:28.580573 #5372] ERROR -- : /home/ubuntu/.rvm/gems/ruby-2.3.0/gems/unicorn-5.2.0/lib/unicorn/http_server.rb:132:in `start'
E, [2017-01-02T06:09:28.580629 #5372] ERROR -- : /home/ubuntu/.rvm/gems/ruby-2.3.0/gems/unicorn-5.2.0/bin/unicorn:126:in `<top (required)>'
E, [2017-01-02T06:09:28.580643 #5372] ERROR -- : /home/ubuntu/.rvm/gems/ruby-2.3.0/bin/unicorn:23:in `load'
E, [2017-01-02T06:09:28.580653 #5372] ERROR -- : /home/ubuntu/.rvm/gems/ruby-2.3.0/bin/unicorn:23:in `<main>'
E, [2017-01-02T06:09:28.580662 #5372] ERROR -- : /home/ubuntu/.rvm/gems/ruby-2.3.0/bin/ruby_executable_hooks:15:in `eval'
E, [2017-01-02T06:09:28.580672 #5372] ERROR -- : /home/ubuntu/.rvm/gems/ruby-2.3.0/bin/ruby_executable_hooks:15:in `<main>'
E, [2017-01-02T06:10:06.329388 #5372] ERROR -- : app error: Missing `secret_key_base` for 'production' environment, set this value in `config/secrets.yml` (RuntimeError)
E, [2017-01-02T06:10:06.329542 #5372] ERROR -- : /home/ubuntu/.rvm/gems/ruby-2.3.0/gems/railties-5.0.1/lib/rails/application.rb:513:in `validate_secret_key_config!'
E, [2017-01-02T06:10:06.329567 #5372] ERROR -- : /home/ubuntu/.rvm/gems/ruby-2.3.0/gems/railties-5.0.1/lib/rails/application.rb:246:in `env_config'
E, [2017-01-02T06:10:06.329580 #5372] ERROR -- : /home/ubuntu/.rvm/gems/ruby-2.3.0/gems/railties-5.0.1/lib/rails/engine.rb:693:in `build_request'
E, [2017-01-02T06:10:06.329591 #5372] ERROR -- : /home/ubuntu/.rvm/gems/ruby-2.3.0/gems/railties-5.0.1/lib/rails/application.rb:521:in `build_request'
E, [2017-01-02T06:10:06.329601 #5372] ERROR -- : /home/ubuntu/.rvm/gems/ruby-2.3.0/gems/railties-5.0.1/lib/rails/engine.rb:521:in `call'
E, [2017-01-02T06:10:06.329612 #5372] ERROR -- : /home/ubuntu/.rvm/gems/ruby-2.3.0/gems/unicorn-5.2.0/lib/unicorn/http_server.rb:562:in `process_client'
E, [2017-01-02T06:10:06.329622 #5372] ERROR -- : /home/ubuntu/.rvm/gems/ruby-2.3.0/gems/unicorn-5.2.0/lib/unicorn/http_server.rb:658:in `worker_loop'
E, [2017-01-02T06:10:06.329633 #5372] ERROR -- : /home/ubuntu/.rvm/gems/ruby-2.3.0/gems/unicorn-5.2.0/lib/unicorn/http_server.rb:508:in `spawn_missing_workers'
E, [2017-01-02T06:10:06.329643 #5372] ERROR -- : /home/ubuntu/.rvm/gems/ruby-2.3.0/gems/unicorn-5.2.0/lib/unicorn/http_server.rb:132:in `start'
E, [2017-01-02T06:10:06.329653 #5372] ERROR -- : /home/ubuntu/.rvm/gems/ruby-2.3.0/gems/unicorn-5.2.0/bin/unicorn:126:in `<top (required)>'
E, [2017-01-02T06:10:06.329663 #5372] ERROR -- : /home/ubuntu/.rvm/gems/ruby-2.3.0/bin/unicorn:23:in `load'
E, [2017-01-02T06:10:06.329673 #5372] ERROR -- : /home/ubuntu/.rvm/gems/ruby-2.3.0/bin/unicorn:23:in `<main>'
E, [2017-01-02T06:10:06.329698 #5372] ERROR -- : /home/ubuntu/.rvm/gems/ruby-2.3.0/bin/ruby_executable_hooks:15:in `eval'
E, [2017-01-02T06:10:06.329712 #5372] ERROR -- : /home/ubuntu/.rvm/gems/ruby-2.3.0/bin/ruby_executable_hooks:15:in `<main>'
E, [2017-01-02T06:14:41.664390 #5370] ERROR -- : app error: Missing `secret_key_base` for 'production' environment, set this value in `config/secrets.yml` (RuntimeError)
E, [2017-01-02T06:14:41.664533 #5370] ERROR -- : /home/ubuntu/.rvm/gems/ruby-2.3.0/gems/railties-5.0.1/lib/rails/application.rb:513:in `validate_secret_key_config!'
E, [2017-01-02T06:14:41.664558 #5370] ERROR -- : /home/ubuntu/.rvm/gems/ruby-2.3.0/gems/railties-5.0.1/lib/rails/application.rb:246:in `env_config'
E, [2017-01-02T06:14:41.664592 #5370] ERROR -- : /home/ubuntu/.rvm/gems/ruby-2.3.0/gems/railties-5.0.1/lib/rails/engine.rb:693:in `build_request'
E, [2017-01-02T06:14:41.664677 #5370] ERROR -- : /home/ubuntu/.rvm/gems/ruby-2.3.0/gems/railties-5.0.1/lib/rails/application.rb:521:in `build_request'
E, [2017-01-02T06:14:41.664691 #5370] ERROR -- : /home/ubuntu/.rvm/gems/ruby-2.3.0/gems/railties-5.0.1/lib/rails/engine.rb:521:in `call'
E, [2017-01-02T06:14:41.664702 #5370] ERROR -- : /home/ubuntu/.rvm/gems/ruby-2.3.0/gems/unicorn-5.2.0/lib/unicorn/http_server.rb:562:in `process_client'
E, [2017-01-02T06:14:41.664713 #5370] ERROR -- : /home/ubuntu/.rvm/gems/ruby-2.3.0/gems/unicorn-5.2.0/lib/unicorn/http_server.rb:658:in `worker_loop'
E, [2017-01-02T06:14:41.664728 #5370] ERROR -- : /home/ubuntu/.rvm/gems/ruby-2.3.0/gems/unicorn-5.2.0/lib/unicorn/http_server.rb:508:in `spawn_missing_workers'
E, [2017-01-02T06:14:41.664738 #5370] ERROR -- : /home/ubuntu/.rvm/gems/ruby-2.3.0/gems/unicorn-5.2.0/lib/unicorn/http_server.rb:132:in `start'
E, [2017-01-02T06:14:41.664748 #5370] ERROR -- : /home/ubuntu/.rvm/gems/ruby-2.3.0/gems/unicorn-5.2.0/bin/unicorn:126:in `<top (required)>'
E, [2017-01-02T06:14:41.664758 #5370] ERROR -- : /home/ubuntu/.rvm/gems/ruby-2.3.0/bin/unicorn:23:in `load'
E, [2017-01-02T06:14:41.664768 #5370] ERROR -- : /home/ubuntu/.rvm/gems/ruby-2.3.0/bin/unicorn:23:in `<main>'
E, [2017-01-02T06:14:41.664778 #5370] ERROR -- : /home/ubuntu/.rvm/gems/ruby-2.3.0/bin/ruby_executable_hooks:15:in `eval'
E, [2017-01-02T06:14:41.664823 #5370] ERROR -- : /home/ubuntu/.rvm/gems/ruby-2.3.0/bin/ruby_executable_hooks:15:in `<main>'
E, [2017-01-02T06:17:35.088673 #5372] ERROR -- : app error: Missing `secret_key_base` for 'production' environment, set this value in `config/secrets.yml` (RuntimeError)
E, [2017-01-02T06:17:35.088779 #5372] ERROR -- : /home/ubuntu/.rvm/gems/ruby-2.3.0/gems/railties-5.0.1/lib/rails/application.rb:513:in `validate_secret_key_config!'
E, [2017-01-02T06:17:35.088800 #5372] ERROR -- : /home/ubuntu/.rvm/gems/ruby-2.3.0/gems/railties-5.0.1/lib/rails/application.rb:246:in `env_config'
E, [2017-01-02T06:17:35.088894 #5372] ERROR -- : /home/ubuntu/.rvm/gems/ruby-2.3.0/gems/railties-5.0.1/lib/rails/engine.rb:693:in `build_request'
E, [2017-01-02T06:17:35.088907 #5372] ERROR -- : /home/ubuntu/.rvm/gems/ruby-2.3.0/gems/railties-5.0.1/lib/rails/application.rb:521:in `build_request'
E, [2017-01-02T06:17:35.088918 #5372] ERROR -- : /home/ubuntu/.rvm/gems/ruby-2.3.0/gems/railties-5.0.1/lib/rails/engine.rb:521:in `call'
E, [2017-01-02T06:17:35.088928 #5372] ERROR -- : /home/ubuntu/.rvm/gems/ruby-2.3.0/gems/unicorn-5.2.0/lib/unicorn/http_server.rb:562:in `process_client'
E, [2017-01-02T06:17:35.088938 #5372] ERROR -- : /home/ubuntu/.rvm/gems/ruby-2.3.0/gems/unicorn-5.2.0/lib/unicorn/http_server.rb:658:in `worker_loop'
E, [2017-01-02T06:17:35.088948 #5372] ERROR -- : /home/ubuntu/.rvm/gems/ruby-2.3.0/gems/unicorn-5.2.0/lib/unicorn/http_server.rb:508:in `spawn_missing_workers'
E, [2017-01-02T06:17:35.089071 #5372] ERROR -- : /home/ubuntu/.rvm/gems/ruby-2.3.0/gems/unicorn-5.2.0/lib/unicorn/http_server.rb:132:in `start'
E, [2017-01-02T06:17:35.089085 #5372] ERROR -- : /home/ubuntu/.rvm/gems/ruby-2.3.0/gems/unicorn-5.2.0/bin/unicorn:126:in `<top (required)>'
E, [2017-01-02T06:17:35.089108 #5372] ERROR -- : /home/ubuntu/.rvm/gems/ruby-2.3.0/bin/unicorn:23:in `load'
E, [2017-01-02T06:17:35.089119 #5372] ERROR -- : /home/ubuntu/.rvm/gems/ruby-2.3.0/bin/unicorn:23:in `<main>'
E, [2017-01-02T06:17:35.089129 #5372] ERROR -- : /home/ubuntu/.rvm/gems/ruby-2.3.0/bin/ruby_executable_hooks:15:in `eval'
E, [2017-01-02T06:17:35.089139 #5372] ERROR -- : /home/ubuntu/.rvm/gems/ruby-2.3.0/bin/ruby_executable_hooks:15:in `<main>'
E, [2017-01-02T06:17:36.321388 #5370] ERROR -- : app error: Missing `secret_key_base` for 'production' environment, set this value in `config/secrets.yml` (RuntimeError)
E, [2017-01-02T06:17:36.321494 #5370] ERROR -- : /home/ubuntu/.rvm/gems/ruby-2.3.0/gems/railties-5.0.1/lib/rails/application.rb:513:in `validate_secret_key_config!'
E, [2017-01-02T06:17:36.321553 #5370] ERROR -- : /home/ubuntu/.rvm/gems/ruby-2.3.0/gems/railties-5.0.1/lib/rails/application.rb:246:in `env_config'
E, [2017-01-02T06:17:36.321568 #5370] ERROR -- : /home/ubuntu/.rvm/gems/ruby-2.3.0/gems/railties-5.0.1/lib/rails/engine.rb:693:in `build_request'
E, [2017-01-02T06:17:36.321579 #5370] ERROR -- : /home/ubuntu/.rvm/gems/ruby-2.3.0/gems/railties-5.0.1/lib/rails/application.rb:521:in `build_request'
E, [2017-01-02T06:17:36.321590 #5370] ERROR -- : /home/ubuntu/.rvm/gems/ruby-2.3.0/gems/railties-5.0.1/lib/rails/engine.rb:521:in `call'
E, [2017-01-02T06:17:36.321601 #5370] ERROR -- : /home/ubuntu/.rvm/gems/ruby-2.3.0/gems/unicorn-5.2.0/lib/unicorn/http_server.rb:562:in `process_client'
E, [2017-01-02T06:17:36.321611 #5370] ERROR -- : /home/ubuntu/.rvm/gems/ruby-2.3.0/gems/unicorn-5.2.0/lib/unicorn/http_server.rb:658:in `worker_loop'
E, [2017-01-02T06:17:36.321686 #5370] ERROR -- : /home/ubuntu/.rvm/gems/ruby-2.3.0/gems/unicorn-5.2.0/lib/unicorn/http_server.rb:508:in `spawn_missing_workers'
E, [2017-01-02T06:17:36.321702 #5370] ERROR -- : /home/ubuntu/.rvm/gems/ruby-2.3.0/gems/unicorn-5.2.0/lib/unicorn/http_server.rb:132:in `start'
E, [2017-01-02T06:17:36.321713 #5370] ERROR -- : /home/ubuntu/.rvm/gems/ruby-2.3.0/gems/unicorn-5.2.0/bin/unicorn:126:in `<top (required)>'
E, [2017-01-02T06:17:36.321723 #5370] ERROR -- : /home/ubuntu/.rvm/gems/ruby-2.3.0/bin/unicorn:23:in `load'
E, [2017-01-02T06:17:36.321733 #5370] ERROR -- : /home/ubuntu/.rvm/gems/ruby-2.3.0/bin/unicorn:23:in `<main>'
E, [2017-01-02T06:17:36.321748 #5370] ERROR -- : /home/ubuntu/.rvm/gems/ruby-2.3.0/bin/ruby_executable_hooks:15:in `eval'
E, [2017-01-02T06:17:36.321759 #5370] ERROR -- : /home/ubuntu/.rvm/gems/ruby-2.3.0/bin/ruby_executable_hooks:15:in `<main>'
E, [2017-01-02T06:18:15.542154 #5372] ERROR -- : app error: Missing `secret_key_base` for 'production' environment, set this value in `config/secrets.yml` (RuntimeError)
E, [2017-01-02T06:18:15.542260 #5372] ERROR -- : /home/ubuntu/.rvm/gems/ruby-2.3.0/gems/railties-5.0.1/lib/rails/application.rb:513:in `validate_secret_key_config!'
E, [2017-01-02T06:18:15.542277 #5372] ERROR -- : /home/ubuntu/.rvm/gems/ruby-2.3.0/gems/railties-5.0.1/lib/rails/application.rb:246:in `env_config'
E, [2017-01-02T06:18:15.542292 #5372] ERROR -- : /home/ubuntu/.rvm/gems/ruby-2.3.0/gems/railties-5.0.1/lib/rails/engine.rb:693:in `build_request'
E, [2017-01-02T06:18:15.542302 #5372] ERROR -- : /home/ubuntu/.rvm/gems/ruby-2.3.0/gems/railties-5.0.1/lib/rails/application.rb:521:in `build_request'
E, [2017-01-02T06:18:15.542312 #5372] ERROR -- : /home/ubuntu/.rvm/gems/ruby-2.3.0/gems/railties-5.0.1/lib/rails/engine.rb:521:in `call'
E, [2017-01-02T06:18:15.542391 #5372] ERROR -- : /home/ubuntu/.rvm/gems/ruby-2.3.0/gems/unicorn-5.2.0/lib/unicorn/http_server.rb:562:in `process_client'
E, [2017-01-02T06:18:15.542405 #5372] ERROR -- : /home/ubuntu/.rvm/gems/ruby-2.3.0/gems/unicorn-5.2.0/lib/unicorn/http_server.rb:658:in `worker_loop'
E, [2017-01-02T06:18:15.542426 #5372] ERROR -- : /home/ubuntu/.rvm/gems/ruby-2.3.0/gems/unicorn-5.2.0/lib/unicorn/http_server.rb:508:in `spawn_missing_workers'
E, [2017-01-02T06:18:15.542436 #5372] ERROR -- : /home/ubuntu/.rvm/gems/ruby-2.3.0/gems/unicorn-5.2.0/lib/unicorn/http_server.rb:132:in `start'
E, [2017-01-02T06:18:15.542457 #5372] ERROR -- : /home/ubuntu/.rvm/gems/ruby-2.3.0/gems/unicorn-5.2.0/bin/unicorn:126:in `<top (required)>'
E, [2017-01-02T06:18:15.542468 #5372] ERROR -- : /home/ubuntu/.rvm/gems/ruby-2.3.0/bin/unicorn:23:in `load'
E, [2017-01-02T06:18:15.542476 #5372] ERROR -- : /home/ubuntu/.rvm/gems/ruby-2.3.0/bin/unicorn:23:in `<main>'
E, [2017-01-02T06:18:15.542485 #5372] ERROR -- : /home/ubuntu/.rvm/gems/ruby-2.3.0/bin/ruby_executable_hooks:15:in `eval'
E, [2017-01-02T06:18:15.542494 #5372] ERROR -- : /home/ubuntu/.rvm/gems/ruby-2.3.0/bin/ruby_executable_hooks:15:in `<main>'
E, [2017-01-02T06:18:25.527951 #5370] ERROR -- : app error: Missing `secret_key_base` for 'production' environment, set this value in `config/secrets.yml` (RuntimeError)
E, [2017-01-02T06:18:25.528068 #5370] ERROR -- : /home/ubuntu/.rvm/gems/ruby-2.3.0/gems/railties-5.0.1/lib/rails/application.rb:513:in `validate_secret_key_config!'
E, [2017-01-02T06:18:25.528088 #5370] ERROR -- : /home/ubuntu/.rvm/gems/ruby-2.3.0/gems/railties-5.0.1/lib/rails/application.rb:246:in `env_config'
E, [2017-01-02T06:18:25.528100 #5370] ERROR -- : /home/ubuntu/.rvm/gems/ruby-2.3.0/gems/railties-5.0.1/lib/rails/engine.rb:693:in `build_request'
E, [2017-01-02T06:18:25.528110 #5370] ERROR -- : /home/ubuntu/.rvm/gems/ruby-2.3.0/gems/railties-5.0.1/lib/rails/application.rb:521:in `build_request'
E, [2017-01-02T06:18:25.528121 #5370] ERROR -- : /home/ubuntu/.rvm/gems/ruby-2.3.0/gems/railties-5.0.1/lib/rails/engine.rb:521:in `call'
E, [2017-01-02T06:18:25.528131 #5370] ERROR -- : /home/ubuntu/.rvm/gems/ruby-2.3.0/gems/unicorn-5.2.0/lib/unicorn/http_server.rb:562:in `process_client'
E, [2017-01-02T06:18:25.528141 #5370] ERROR -- : /home/ubuntu/.rvm/gems/ruby-2.3.0/gems/unicorn-5.2.0/lib/unicorn/http_server.rb:658:in `worker_loop'
E, [2017-01-02T06:18:25.528152 #5370] ERROR -- : /home/ubuntu/.rvm/gems/ruby-2.3.0/gems/unicorn-5.2.0/lib/unicorn/http_server.rb:508:in `spawn_missing_workers'
E, [2017-01-02T06:18:25.528162 #5370] ERROR -- : /home/ubuntu/.rvm/gems/ruby-2.3.0/gems/unicorn-5.2.0/lib/unicorn/http_server.rb:132:in `start'
E, [2017-01-02T06:18:25.528172 #5370] ERROR -- : /home/ubuntu/.rvm/gems/ruby-2.3.0/gems/unicorn-5.2.0/bin/unicorn:126:in `<top (required)>'
E, [2017-01-02T06:18:25.528182 #5370] ERROR -- : /home/ubuntu/.rvm/gems/ruby-2.3.0/bin/unicorn:23:in `load'
E, [2017-01-02T06:18:25.528263 #5370] ERROR -- : /home/ubuntu/.rvm/gems/ruby-2.3.0/bin/unicorn:23:in `<main>'
E, [2017-01-02T06:18:25.528276 #5370] ERROR -- : /home/ubuntu/.rvm/gems/ruby-2.3.0/bin/ruby_executable_hooks:15:in `eval'
E, [2017-01-02T06:18:25.528287 #5370] ERROR -- : /home/ubuntu/.rvm/gems/ruby-2.3.0/bin/ruby_executable_hooks:15:in `<main>'
I, [2017-01-02T06:19:16.587865 #6586]  INFO -- : Refreshing Gem list
I, [2017-01-02T06:19:17.610461 #6586]  INFO -- : unlinking existing socket=/home/ubuntu/spree_app/shared/sockets/unicorn.sock
I, [2017-01-02T06:19:17.610632 #6586]  INFO -- : listening on addr=/home/ubuntu/spree_app/shared/sockets/unicorn.sock fd=13
I, [2017-01-02T06:19:17.610734 #6586]  INFO -- : worker=0 spawning...
I, [2017-01-02T06:19:17.611851 #6586]  INFO -- : worker=1 spawning...
I, [2017-01-02T06:19:17.612589 #6586]  INFO -- : master process ready
I, [2017-01-02T06:19:17.618826 #6595]  INFO -- : worker=0 spawned pid=6595
I, [2017-01-02T06:19:17.618956 #6595]  INFO -- : worker=0 ready
I, [2017-01-02T06:19:17.619730 #6597]  INFO -- : worker=1 spawned pid=6597
I, [2017-01-02T06:19:17.619850 #6597]  INFO -- : worker=1 ready
115.99.80.22 - - [02/Jan/2017:06:19:26 +0000] "GET / HTTP/1.0" 200 - 0.2263
115.99.80.22 - - [02/Jan/2017:06:19:28 +0000] "GET /favicon.ico HTTP/1.0" 200 - 0.0538
115.99.80.22 - - [02/Jan/2017:06:33:48 +0000] "GET / HTTP/1.0" 200 - 0.0121
115.99.80.22 - - [02/Jan/2017:06:33:50 +0000] "GET /favicon.ico HTTP/1.0" 200 - 0.0013
115.99.80.22 - - [02/Jan/2017:06:36:04 +0000] "GET / HTTP/1.0" 200 - 0.1606
115.99.80.22 - - [02/Jan/2017:06:36:06 +0000] "GET /favicon.ico HTTP/1.0" 200 - 0.0009
115.99.80.22 - - [02/Jan/2017:06:36:48 +0000] "GET / HTTP/1.0" 200 - 0.0112
115.99.80.22 - - [02/Jan/2017:06:36:50 +0000] "GET /favicon.ico HTTP/1.0" 200 - 0.0009
I, [2017-01-02T06:37:47.911833 #7126]  INFO -- : Refreshing Gem list
I, [2017-01-02T06:37:49.331891 #7126]  INFO -- : unlinking existing socket=/home/ubuntu/spree_app/shared/sockets/unicorn.sock
I, [2017-01-02T06:37:49.332075 #7126]  INFO -- : listening on addr=/home/ubuntu/spree_app/shared/sockets/unicorn.sock fd=8
I, [2017-01-02T06:37:49.332164 #7126]  INFO -- : worker=0 spawning...
I, [2017-01-02T06:37:49.333376 #7126]  INFO -- : worker=1 spawning...
I, [2017-01-02T06:37:49.334632 #7126]  INFO -- : master process ready
I, [2017-01-02T06:37:49.342182 #7129]  INFO -- : worker=0 spawned pid=7129
I, [2017-01-02T06:37:49.342335 #7129]  INFO -- : worker=0 ready
I, [2017-01-02T06:37:49.343135 #7132]  INFO -- : worker=1 spawned pid=7132
I, [2017-01-02T06:37:49.343300 #7132]  INFO -- : worker=1 ready
I, [2017-01-02T07:02:37.167386 #7913]  INFO -- : Refreshing Gem list
/home/ubuntu/.rvm/gems/ruby-2.3.0/gems/activesupport-5.0.1/lib/active_support/dependencies.rb:263:in `rescue in load_dependency': /home/ubuntu/spree_app/app/controllers/application_controller.rb:3: syntax error, unexpected ':', expecting ';' or '\n' (SyntaxError)
/home/ubuntu/spree_app/app/controllers/application_controller.rb:6: syntax error, unexpected keyword_end, expecting end-of-input
	from /home/ubuntu/.rvm/gems/ruby-2.3.0/gems/activesupport-5.0.1/lib/active_support/dependencies.rb:256:in `load_dependency'
	from /home/ubuntu/.rvm/gems/ruby-2.3.0/gems/activesupport-5.0.1/lib/active_support/dependencies.rb:293:in `require'
	from /home/ubuntu/.rvm/gems/ruby-2.3.0/gems/activesupport-5.0.1/lib/active_support/dependencies.rb:380:in `block in require_or_load'
	from /home/ubuntu/.rvm/gems/ruby-2.3.0/gems/activesupport-5.0.1/lib/active_support/dependencies.rb:37:in `block in load_interlock'
	from /home/ubuntu/.rvm/gems/ruby-2.3.0/gems/activesupport-5.0.1/lib/active_support/dependencies/interlock.rb:12:in `block in loading'
	from /home/ubuntu/.rvm/gems/ruby-2.3.0/gems/activesupport-5.0.1/lib/active_support/concurrency/share_lock.rb:150:in `exclusive'
	from /home/ubuntu/.rvm/gems/ruby-2.3.0/gems/activesupport-5.0.1/lib/active_support/dependencies/interlock.rb:11:in `loading'
	from /home/ubuntu/.rvm/gems/ruby-2.3.0/gems/activesupport-5.0.1/lib/active_support/dependencies.rb:37:in `load_interlock'
	from /home/ubuntu/.rvm/gems/ruby-2.3.0/gems/activesupport-5.0.1/lib/active_support/dependencies.rb:358:in `require_or_load'
	from /home/ubuntu/.rvm/gems/ruby-2.3.0/gems/activesupport-5.0.1/lib/active_support/dependencies.rb:336:in `depend_on'
	from /home/ubuntu/.rvm/gems/ruby-2.3.0/gems/activesupport-5.0.1/lib/active_support/dependencies.rb:252:in `require_dependency'
	from /home/ubuntu/.rvm/gems/ruby-2.3.0/gems/railties-5.0.1/lib/rails/engine.rb:476:in `block (2 levels) in eager_load!'
	from /home/ubuntu/.rvm/gems/ruby-2.3.0/gems/railties-5.0.1/lib/rails/engine.rb:475:in `each'
	from /home/ubuntu/.rvm/gems/ruby-2.3.0/gems/railties-5.0.1/lib/rails/engine.rb:475:in `block in eager_load!'
	from /home/ubuntu/.rvm/gems/ruby-2.3.0/gems/railties-5.0.1/lib/rails/engine.rb:473:in `each'
	from /home/ubuntu/.rvm/gems/ruby-2.3.0/gems/railties-5.0.1/lib/rails/engine.rb:473:in `eager_load!'
	from /home/ubuntu/.rvm/gems/ruby-2.3.0/gems/railties-5.0.1/lib/rails/engine.rb:354:in `eager_load!'
	from /home/ubuntu/.rvm/gems/ruby-2.3.0/gems/railties-5.0.1/lib/rails/application/finisher.rb:59:in `each'
	from /home/ubuntu/.rvm/gems/ruby-2.3.0/gems/railties-5.0.1/lib/rails/application/finisher.rb:59:in `block in <module:Finisher>'
	from /home/ubuntu/.rvm/gems/ruby-2.3.0/gems/railties-5.0.1/lib/rails/initializable.rb:30:in `instance_exec'
	from /home/ubuntu/.rvm/gems/ruby-2.3.0/gems/railties-5.0.1/lib/rails/initializable.rb:30:in `run'
	from /home/ubuntu/.rvm/gems/ruby-2.3.0/gems/railties-5.0.1/lib/rails/initializable.rb:55:in `block in run_initializers'
	from /usr/share/rvm/rubies/ruby-2.3.0/lib/ruby/2.3.0/tsort.rb:228:in `block in tsort_each'
	from /usr/share/rvm/rubies/ruby-2.3.0/lib/ruby/2.3.0/tsort.rb:350:in `block (2 levels) in each_strongly_connected_component'
	from /usr/share/rvm/rubies/ruby-2.3.0/lib/ruby/2.3.0/tsort.rb:431:in `each_strongly_connected_component_from'
	from /usr/share/rvm/rubies/ruby-2.3.0/lib/ruby/2.3.0/tsort.rb:349:in `block in each_strongly_connected_component'
	from /usr/share/rvm/rubies/ruby-2.3.0/lib/ruby/2.3.0/tsort.rb:347:in `each'
	from /usr/share/rvm/rubies/ruby-2.3.0/lib/ruby/2.3.0/tsort.rb:347:in `call'
	from /usr/share/rvm/rubies/ruby-2.3.0/lib/ruby/2.3.0/tsort.rb:347:in `each_strongly_connected_component'
	from /usr/share/rvm/rubies/ruby-2.3.0/lib/ruby/2.3.0/tsort.rb:226:in `tsort_each'
	from /usr/share/rvm/rubies/ruby-2.3.0/lib/ruby/2.3.0/tsort.rb:205:in `tsort_each'
	from /home/ubuntu/.rvm/gems/ruby-2.3.0/gems/railties-5.0.1/lib/rails/initializable.rb:54:in `run_initializers'
	from /home/ubuntu/.rvm/gems/ruby-2.3.0/gems/railties-5.0.1/lib/rails/application.rb:352:in `initialize!'
	from /home/ubuntu/spree_app/config/environment.rb:5:in `<top (required)>'
	from config.ru:4:in `require_relative'
	from config.ru:4:in `block in <main>'
	from /home/ubuntu/.rvm/gems/ruby-2.3.0/gems/rack-2.0.1/lib/rack/builder.rb:55:in `instance_eval'
	from /home/ubuntu/.rvm/gems/ruby-2.3.0/gems/rack-2.0.1/lib/rack/builder.rb:55:in `initialize'
	from config.ru:1:in `new'
	from config.ru:1:in `<main>'
	from /home/ubuntu/.rvm/gems/ruby-2.3.0/gems/unicorn-5.2.0/lib/unicorn.rb:56:in `eval'
	from /home/ubuntu/.rvm/gems/ruby-2.3.0/gems/unicorn-5.2.0/lib/unicorn.rb:56:in `block in builder'
	from /home/ubuntu/.rvm/gems/ruby-2.3.0/gems/unicorn-5.2.0/lib/unicorn/http_server.rb:752:in `build_app!'
	from /home/ubuntu/.rvm/gems/ruby-2.3.0/gems/unicorn-5.2.0/lib/unicorn/http_server.rb:129:in `start'
	from /home/ubuntu/.rvm/gems/ruby-2.3.0/gems/unicorn-5.2.0/bin/unicorn:126:in `<top (required)>'
	from /home/ubuntu/.rvm/gems/ruby-2.3.0/bin/unicorn:23:in `load'
	from /home/ubuntu/.rvm/gems/ruby-2.3.0/bin/unicorn:23:in `<main>'
	from /home/ubuntu/.rvm/gems/ruby-2.3.0/bin/ruby_executable_hooks:15:in `eval'
	from /home/ubuntu/.rvm/gems/ruby-2.3.0/bin/ruby_executable_hooks:15:in `<main>'
I, [2017-01-02T07:05:20.555860 #7957]  INFO -- : Refreshing Gem list
I, [2017-01-02T07:05:21.946571 #7957]  INFO -- : unlinking existing socket=/home/ubuntu/spree_app/shared/sockets/unicorn.sock
I, [2017-01-02T07:05:21.946713 #7957]  INFO -- : listening on addr=/home/ubuntu/spree_app/shared/sockets/unicorn.sock fd=8
I, [2017-01-02T07:05:21.946801 #7957]  INFO -- : worker=0 spawning...
I, [2017-01-02T07:05:21.948039 #7957]  INFO -- : worker=1 spawning...
I, [2017-01-02T07:05:21.948730 #7960]  INFO -- : worker=0 spawned pid=7960
I, [2017-01-02T07:05:21.948861 #7960]  INFO -- : worker=0 ready
I, [2017-01-02T07:05:21.949691 #7957]  INFO -- : master process ready
I, [2017-01-02T07:05:21.954542 #7963]  INFO -- : worker=1 spawned pid=7963
I, [2017-01-02T07:05:21.954705 #7963]  INFO -- : worker=1 ready
I, [2017-01-02T11:47:35.130319 #26966]  INFO -- : Refreshing Gem list
I, [2017-01-02T11:47:39.766561 #26966]  INFO -- : unlinking existing socket=/home/ubuntu/spree_app/shared/sockets/unicorn.sock
I, [2017-01-02T11:47:39.767451 #26966]  INFO -- : listening on addr=/home/ubuntu/spree_app/shared/sockets/unicorn.sock fd=12
I, [2017-01-02T11:47:39.767566 #26966]  INFO -- : worker=0 spawning...
I, [2017-01-02T11:47:39.769768 #26966]  INFO -- : worker=1 spawning...
I, [2017-01-02T11:47:39.770598 #26970]  INFO -- : worker=0 spawned pid=26970
I, [2017-01-02T11:47:39.770764 #26970]  INFO -- : worker=0 ready
I, [2017-01-02T11:47:39.772120 #26966]  INFO -- : master process ready
I, [2017-01-02T11:47:39.778856 #26973]  INFO -- : worker=1 spawned pid=26973
I, [2017-01-02T11:47:39.779031 #26973]  INFO -- : worker=1 ready
I, [2017-01-02T12:14:25.068449 #27875]  INFO -- : Refreshing Gem list
I, [2017-01-02T12:14:29.567494 #27875]  INFO -- : unlinking existing socket=/home/ubuntu/spree_app/shared/sockets/unicorn.sock
I, [2017-01-02T12:14:29.567651 #27875]  INFO -- : listening on addr=/home/ubuntu/spree_app/shared/sockets/unicorn.sock fd=12
I, [2017-01-02T12:14:29.567754 #27875]  INFO -- : worker=0 spawning...
I, [2017-01-02T12:14:29.569923 #27875]  INFO -- : worker=1 spawning...
I, [2017-01-02T12:14:29.570729 #27879]  INFO -- : worker=0 spawned pid=27879
I, [2017-01-02T12:14:29.570872 #27879]  INFO -- : worker=0 ready
I, [2017-01-02T12:14:29.572173 #27875]  INFO -- : master process ready
I, [2017-01-02T12:14:29.578692 #27882]  INFO -- : worker=1 spawned pid=27882
I, [2017-01-02T12:14:29.578820 #27882]  INFO -- : worker=1 ready
I, [2017-01-02T13:34:55.019970 #28944]  INFO -- : Refreshing Gem list
I, [2017-01-02T13:34:59.690679 #28944]  INFO -- : unlinking existing socket=/home/ubuntu/spree_app/shared/sockets/unicorn.sock
I, [2017-01-02T13:34:59.691610 #28944]  INFO -- : listening on addr=/home/ubuntu/spree_app/shared/sockets/unicorn.sock fd=12
I, [2017-01-02T13:34:59.691739 #28944]  INFO -- : worker=0 spawning...
I, [2017-01-02T13:34:59.693805 #28944]  INFO -- : worker=1 spawning...
I, [2017-01-02T13:34:59.694534 #28948]  INFO -- : worker=0 spawned pid=28948
I, [2017-01-02T13:34:59.694690 #28948]  INFO -- : worker=0 ready
I, [2017-01-02T13:34:59.695937 #28944]  INFO -- : master process ready
I, [2017-01-02T13:34:59.702748 #28951]  INFO -- : worker=1 spawned pid=28951
I, [2017-01-02T13:34:59.702897 #28951]  INFO -- : worker=1 ready
I, [2017-01-03T07:00:10.560528 #1444]  INFO -- : Refreshing Gem list
I, [2017-01-03T07:00:15.399666 #1444]  INFO -- : unlinking existing socket=/home/ubuntu/spree_app/shared/sockets/unicorn.sock
I, [2017-01-03T07:00:15.401027 #1444]  INFO -- : listening on addr=/home/ubuntu/spree_app/shared/sockets/unicorn.sock fd=12
I, [2017-01-03T07:00:15.401134 #1444]  INFO -- : worker=0 spawning...
I, [2017-01-03T07:00:15.403177 #1444]  INFO -- : worker=1 spawning...
I, [2017-01-03T07:00:15.403882 #1448]  INFO -- : worker=0 spawned pid=1448
I, [2017-01-03T07:00:15.404026 #1448]  INFO -- : worker=0 ready
I, [2017-01-03T07:00:15.405343 #1444]  INFO -- : master process ready
I, [2017-01-03T07:00:15.410657 #1451]  INFO -- : worker=1 spawned pid=1451
I, [2017-01-03T07:00:15.410851 #1451]  INFO -- : worker=1 ready
I, [2017-01-03T07:07:31.549063 #1570]  INFO -- : Refreshing Gem list
I, [2017-01-03T07:07:36.094233 #1570]  INFO -- : unlinking existing socket=/home/ubuntu/spree_app/shared/sockets/unicorn.sock
I, [2017-01-03T07:07:36.095129 #1570]  INFO -- : listening on addr=/home/ubuntu/spree_app/shared/sockets/unicorn.sock fd=12
I, [2017-01-03T07:07:36.095236 #1570]  INFO -- : worker=0 spawning...
I, [2017-01-03T07:07:36.097272 #1570]  INFO -- : worker=1 spawning...
I, [2017-01-03T07:07:36.098084 #1574]  INFO -- : worker=0 spawned pid=1574
I, [2017-01-03T07:07:36.098219 #1574]  INFO -- : worker=0 ready
I, [2017-01-03T07:07:36.099500 #1570]  INFO -- : master process ready
I, [2017-01-03T07:07:36.106556 #1577]  INFO -- : worker=1 spawned pid=1577
I, [2017-01-03T07:07:36.106740 #1577]  INFO -- : worker=1 ready
